Mongoose disconnected
(node:16358) DeprecationWarning: `open()` is deprecated in mongoose >= 4.11.0, use `openUri()` instead, or set the `useMongoClient` option if using `connect()` or `createConnection()`. See http://mongoosejs.com/docs/4.x/docs/connections.html#use-mongo-client
Mongoose connected to mongodb://mpst:HBjgmdT649(T2@10.31.1.143:27017/mpsdb
db Connected successfully
Mongoose disconnected
(node:17514) DeprecationWarning: `open()` is deprecated in mongoose >= 4.11.0, use `openUri()` instead, or set the `useMongoClient` option if using `connect()` or `createConnection()`. See http://mongoosejs.com/docs/4.x/docs/connections.html#use-mongo-client
Mongoose connected to mongodb://mpst:HBjgmdT649(T2@10.31.1.143:27017/mpsdb
db Connected successfully
Mongoose disconnected
(node:19337) DeprecationWarning: `open()` is deprecated in mongoose >= 4.11.0, use `openUri()` instead, or set the `useMongoClient` option if using `connect()` or `createConnection()`. See http://mongoosejs.com/docs/4.x/docs/connections.html#use-mongo-client
Mongoose connected to mongodb://mpst:HBjgmdT649(T2@10.31.1.143:27017/mpsdb
db Connected successfully
Mongoose connection error: DisconnectedError: Ran out of retries trying to reconnect to "10.31.1.143:27017". Try setting `server.reconnectTries` and `server.reconnectInterval` to something higher.
Mongoose disconnected
(node:12091) DeprecationWarning: `open()` is deprecated in mongoose >= 4.11.0, use `openUri()` instead, or set the `useMongoClient` option if using `connect()` or `createConnection()`. See http://mongoosejs.com/docs/4.x/docs/connections.html#use-mongo-client
Mongoose connected to mongodb://mpst:HBjgmdT649(T2@10.31.1.143:27017/mpsdb
db Connected successfully
A new connection was made by a client.
::1 - - [26/Aug/2021:10:13:07 +0000] "OPTIONS /api/artloginit/ HTTP/1.1" 204 0 "http://localhost:4200/" "Mozilla/5.0 (Macintosh; Intel Mac OS X 10_15_7) AppleWebKit/537.36 (KHTML, like Gecko) Chrome/92.0.4515.159 Safari/537.36"
---------------artloginit:---------- 
A new connection was made by a client.
::1 - - [26/Aug/2021:10:13:07 +0000] "OPTIONS /api/artlogdata/ HTTP/1.1" 204 0 "http://localhost:4200/" "Mozilla/5.0 (Macintosh; Intel Mac OS X 10_15_7) AppleWebKit/537.36 (KHTML, like Gecko) Chrome/92.0.4515.159 Safari/537.36"
req parameters : [Object: null prototype] {
  apiDatakey: 'artLogData',
  jobkey: '',
  grade: '',
  module: '',
  batch: '',
  workflow: '',
  curricula: '',
  status: 'Active',
  resTeam: '',
  added: '',
  fromPage: '0',
  toPage: '50',
  filters: ''
} 2021-08-26T10:13:07.747Z
Calling artlogdata Data sm $and [{"job_active_stage.status":{"$in":["Active","NeedsChanges"]}}]
Calling artlogdata Data sm 222 {"$and":[{"job_active_stage.status":{"$in":["Active","NeedsChanges"]}}]}
req.body.fromPage:--- 0
req.body.toPage:--- 50
 GCurriculaWIP   [
  {
    value: '0BA90096-1E7A-4E4C-9828383715745B3A',
    label: 'Eureka Math 1',
    name: 'eurekamath'
  },
  {
    value: '4F365339-BD96-4E83-97F86A27DBFD7AA1',
    label: 'Eureka Math 2',
    name: 'eurekamath2'
  },
  {
    value: 'B7AF8F2F-CE74-4978-856F7ECF865AE71D',
    label: 'Wit & Wisdom',
    name: 'witandwisdom'
  },
  {
    value: '3377679E-5291-4638-A44C78881962A9C3',
    label: 'Geodes Readable Library',
    name: 'readables'
  },
  {
    value: 'C28FBE2C-C8B5-42E1-B25E18B5DEB0C941',
    label: 'PhD Science',
    name: 'science'
  },
  {
    value: '0072657F-B29A-4830-8FCB61BE68F85216',
    label: 'Wit & Wisdom PD',
    name: 'witandwisdompd'
  },
  {
    value: 'E8A8723B-6142-42D3-861DADE4F2CB07A4',
    label: 'Science PD',
    name: 'sciencepd'
  },
  {
    value: 'C016F361-B3F3-400F-847E35F169DC318C',
    label: 'Geodes: A Readable Library PD',
    name: 'readablespd'
  },
  {
    value: 'f0fa2e67-ae6c-4d69-a3db-70a45f8f0121',
    label: 'EM1 TX Parent Tip Sheets',
    name: 'readablespd1'
  },
  {
    value: 'a5791568-f90b-4034-8a85-bd0a0c1adeeb',
    label: 'EM Big Search Project',
    name: 'readablespd3'
  },
  {
    value: 'abecc4a1-7ea6-4ed6-bc68-3eb6bbb9da65',
    label: 'Eureka Math 1 VA',
    name: 'em1math1va'
  },
  {
    value: 'a2557f46-eb8c-4372-acbb-8ec2d3f3f1be',
    label: 'Eureka Math 1 TX',
    name: 'em1ma1tx'
  },
  {
    value: '035d9f2a-7e6f-4d94-89f9-a641fdd58fd4',
    label: 'Eureka Math 1 Recovery',
    name: 'em1rec'
  },
  {
    value: '8dd93a94-9d9b-4bc1-9494-7e09ea7fdad9',
    label: 'WW LA Assessment',
    name: 'wlassess'
  },
  {
    value: '5dce69c9-1ee3-45cb-b350-af0123b4c32e',
    label: 'Wit & Wisdom 2',
    name: 'wandw2'
  },
  {
    value: '3e09b3e0-598c-436e-a3ff-602e9e4a605d',
    label: 'PhD Science TX Y2',
    name: 'phsctxy2'
  },
  {
    value: '021e7fc2-0f56-4a3f-9832-671bf5bb93c1',
    label: 'Eureka Math 2 Digital',
    name: 'em2digital'
  },
  {
    value: '2ae409f0-62ae-44a1-8427-6bb10c382e0b',
    label: 'Eureka Math 2 Benchmark',
    name: 'em2bech'
  },
  {
    value: '409697a8-8217-4152-8683-807ca058331c',
    label: 'EM2 Projected B',
    name: 'em2projb'
  },
  {
    value: 'fa3c3bab-68a5-4628-b261-5b488a205db9',
    label: 'EM2 Projected',
    name: 'em2project'
  },
  {
    value: '659a9cfe-16a1-44d2-96b6-2b05ad416770',
    label: 'EM2 Print Alternative',
    name: 'em2printalert'
  },
  {
    value: '3b9aa8d6-d011-4d64-add2-4e309fa16825',
    label: 'EM2 PK & TK',
    name: 'em2pktk'
  },
  {
    value: '447e03f0-11ce-474e-a658-11e9bd746611',
    label: 'EM2 On My Own',
    name: 'em2onmyown'
  },
  {
    value: '84a710a7-c445-41bc-8ca2-454df65d1f7e',
    label: 'EM2 Integrated',
    name: 'em2integ'
  },
  {
    value: '123708b7-594d-4d00-ac7e-5d1b6badd2da',
    label: 'EM2 High School',
    name: 'em2highshool'
  },
  {
    value: 'f0706ad0-1fe8-4df4-aa5c-9b0426078824',
    label: 'EM2 Equip',
    name: 'em2eqip'
  },
  {
    value: '58313889-72f4-4f0f-af0b-5150af0345db',
    label: 'EM2 Accelerated Pathways',
    name: 'em2asspath'
  },
  {
    value: '6bd16d29-42b6-4a76-8b60-fb02d9539bde',
    label: 'EM2 Accelerated',
    name: 'em2accl'
  }
]
::1 - - [26/Aug/2021:10:13:08 +0000] "POST /api/artloginit/ HTTP/1.1" 200 7235 "http://localhost:4200/" "Mozilla/5.0 (Macintosh; Intel Mac OS X 10_15_7) AppleWebKit/537.36 (KHTML, like Gecko) Chrome/92.0.4515.159 Safari/537.36"
::1 - - [26/Aug/2021:10:13:11 +0000] "POST /api/artlogdata/ HTTP/1.1" 200 504915 "http://localhost:4200/" "Mozilla/5.0 (Macintosh; Intel Mac OS X 10_15_7) AppleWebKit/537.36 (KHTML, like Gecko) Chrome/92.0.4515.159 Safari/537.36"
::1 - - [26/Aug/2021:10:13:14 +0000] "OPTIONS /api/artloginit/ HTTP/1.1" 204 0 "http://localhost:4200/" "Mozilla/5.0 (Macintosh; Intel Mac OS X 10_15_7) AppleWebKit/537.36 (KHTML, like Gecko) Chrome/92.0.4515.159 Safari/537.36"
---------------artloginit:---------- 
 GCurriculaWIP   [
  {
    value: '0BA90096-1E7A-4E4C-9828383715745B3A',
    label: 'Eureka Math 1',
    name: 'eurekamath'
  },
  {
    value: '4F365339-BD96-4E83-97F86A27DBFD7AA1',
    label: 'Eureka Math 2',
    name: 'eurekamath2'
  },
  {
    value: 'B7AF8F2F-CE74-4978-856F7ECF865AE71D',
    label: 'Wit & Wisdom',
    name: 'witandwisdom'
  },
  {
    value: '3377679E-5291-4638-A44C78881962A9C3',
    label: 'Geodes Readable Library',
    name: 'readables'
  },
  {
    value: 'C28FBE2C-C8B5-42E1-B25E18B5DEB0C941',
    label: 'PhD Science',
    name: 'science'
  },
  {
    value: '0072657F-B29A-4830-8FCB61BE68F85216',
    label: 'Wit & Wisdom PD',
    name: 'witandwisdompd'
  },
  {
    value: 'E8A8723B-6142-42D3-861DADE4F2CB07A4',
    label: 'Science PD',
    name: 'sciencepd'
  },
  {
    value: 'C016F361-B3F3-400F-847E35F169DC318C',
    label: 'Geodes: A Readable Library PD',
    name: 'readablespd'
  },
  {
    value: 'f0fa2e67-ae6c-4d69-a3db-70a45f8f0121',
    label: 'EM1 TX Parent Tip Sheets',
    name: 'readablespd1'
  },
  {
    value: 'a5791568-f90b-4034-8a85-bd0a0c1adeeb',
    label: 'EM Big Search Project',
    name: 'readablespd3'
  },
  {
    value: 'abecc4a1-7ea6-4ed6-bc68-3eb6bbb9da65',
    label: 'Eureka Math 1 VA',
    name: 'em1math1va'
  },
  {
    value: 'a2557f46-eb8c-4372-acbb-8ec2d3f3f1be',
    label: 'Eureka Math 1 TX',
    name: 'em1ma1tx'
  },
  {
    value: '035d9f2a-7e6f-4d94-89f9-a641fdd58fd4',
    label: 'Eureka Math 1 Recovery',
    name: 'em1rec'
  },
  {
    value: '8dd93a94-9d9b-4bc1-9494-7e09ea7fdad9',
    label: 'WW LA Assessment',
    name: 'wlassess'
  },
  {
    value: '5dce69c9-1ee3-45cb-b350-af0123b4c32e',
    label: 'Wit & Wisdom 2',
    name: 'wandw2'
  },
  {
    value: '3e09b3e0-598c-436e-a3ff-602e9e4a605d',
    label: 'PhD Science TX Y2',
    name: 'phsctxy2'
  },
  {
    value: '021e7fc2-0f56-4a3f-9832-671bf5bb93c1',
    label: 'Eureka Math 2 Digital',
    name: 'em2digital'
  },
  {
    value: '2ae409f0-62ae-44a1-8427-6bb10c382e0b',
    label: 'Eureka Math 2 Benchmark',
    name: 'em2bech'
  },
  {
    value: '409697a8-8217-4152-8683-807ca058331c',
    label: 'EM2 Projected B',
    name: 'em2projb'
  },
  {
    value: 'fa3c3bab-68a5-4628-b261-5b488a205db9',
    label: 'EM2 Projected',
    name: 'em2project'
  },
  {
    value: '659a9cfe-16a1-44d2-96b6-2b05ad416770',
    label: 'EM2 Print Alternative',
    name: 'em2printalert'
  },
  {
    value: '3b9aa8d6-d011-4d64-add2-4e309fa16825',
    label: 'EM2 PK & TK',
    name: 'em2pktk'
  },
  {
    value: '447e03f0-11ce-474e-a658-11e9bd746611',
    label: 'EM2 On My Own',
    name: 'em2onmyown'
  },
  {
    value: '84a710a7-c445-41bc-8ca2-454df65d1f7e',
    label: 'EM2 Integrated',
    name: 'em2integ'
  },
  {
    value: '123708b7-594d-4d00-ac7e-5d1b6badd2da',
    label: 'EM2 High School',
    name: 'em2highshool'
  },
  {
    value: 'f0706ad0-1fe8-4df4-aa5c-9b0426078824',
    label: 'EM2 Equip',
    name: 'em2eqip'
  },
  {
    value: '58313889-72f4-4f0f-af0b-5150af0345db',
    label: 'EM2 Accelerated Pathways',
    name: 'em2asspath'
  },
  {
    value: '6bd16d29-42b6-4a76-8b60-fb02d9539bde',
    label: 'EM2 Accelerated',
    name: 'em2accl'
  }
]
::1 - - [26/Aug/2021:10:13:14 +0000] "POST /api/artloginit/ HTTP/1.1" 200 7235 "http://localhost:4200/" "Mozilla/5.0 (Macintosh; Intel Mac OS X 10_15_7) AppleWebKit/537.36 (KHTML, like Gecko) Chrome/92.0.4515.159 Safari/537.36"
::1 - - [26/Aug/2021:10:13:15 +0000] "OPTIONS /api/artlogdata/ HTTP/1.1" 204 0 "http://localhost:4200/" "Mozilla/5.0 (Macintosh; Intel Mac OS X 10_15_7) AppleWebKit/537.36 (KHTML, like Gecko) Chrome/92.0.4515.159 Safari/537.36"
req parameters : [Object: null prototype] {
  apiDatakey: 'artLogData',
  jobkey: '',
  grade: '',
  module: '',
  batch: '',
  workflow: '',
  curricula: '',
  status: 'Approved',
  resTeam: '',
  added: '',
  fromPage: '0',
  toPage: '100',
  filters: ''
} 2021-08-26T10:13:15.519Z
Calling artlogdata Data sm $and [{"job_active_stage.status":{"$in":["Approved"]}}]
Calling artlogdata Data sm 222 {"$and":[{"job_active_stage.status":{"$in":["Approved"]}}]}
req.body.fromPage:--- 0
req.body.toPage:--- 100
::1 - - [26/Aug/2021:10:13:20 +0000] "POST /api/artlogdata/ HTTP/1.1" 200 1022999 "http://localhost:4200/" "Mozilla/5.0 (Macintosh; Intel Mac OS X 10_15_7) AppleWebKit/537.36 (KHTML, like Gecko) Chrome/92.0.4515.159 Safari/537.36"
A new connection was made by a client.
::1 - - [26/Aug/2021:10:13:28 +0000] "OPTIONS /api/dsmsummary/ HTTP/1.1" 204 0 "http://localhost:4200/" "Mozilla/5.0 (Macintosh; Intel Mac OS X 10_15_7) AppleWebKit/537.36 (KHTML, like Gecko) Chrome/92.0.4515.159 Safari/537.36"
Action dsmsummary
2544
::1 - - [26/Aug/2021:10:13:51 +0000] "POST /api/dsmsummary/ HTTP/1.1" 200 28775692 "http://localhost:4200/" "Mozilla/5.0 (Macintosh; Intel Mac OS X 10_15_7) AppleWebKit/537.36 (KHTML, like Gecko) Chrome/92.0.4515.159 Safari/537.36"
A new connection was made by a client.
::1 - - [26/Aug/2021:10:14:01 +0000] "OPTIONS /api/dsmsummary/ HTTP/1.1" 204 0 "http://localhost:4200/" "Mozilla/5.0 (Macintosh; Intel Mac OS X 10_15_7) AppleWebKit/537.36 (KHTML, like Gecko) Chrome/92.0.4515.159 Safari/537.36"
Action dsmsummary
2544
::1 - - [26/Aug/2021:10:14:31 +0000] "POST /api/dsmsummary/ HTTP/1.1" 200 28775692 "http://localhost:4200/" "Mozilla/5.0 (Macintosh; Intel Mac OS X 10_15_7) AppleWebKit/537.36 (KHTML, like Gecko) Chrome/92.0.4515.159 Safari/537.36"
A new connection was made by a client.
::1 - - [26/Aug/2021:10:14:44 +0000] "OPTIONS /api/artloginit/ HTTP/1.1" 204 0 "http://localhost:4200/" "Mozilla/5.0 (Macintosh; Intel Mac OS X 10_15_7) AppleWebKit/537.36 (KHTML, like Gecko) Chrome/92.0.4515.159 Safari/537.36"
---------------artloginit:---------- 
 GCurriculaWIP   [
  {
    value: '0BA90096-1E7A-4E4C-9828383715745B3A',
    label: 'Eureka Math 1',
    name: 'eurekamath'
  },
  {
    value: '4F365339-BD96-4E83-97F86A27DBFD7AA1',
    label: 'Eureka Math 2',
    name: 'eurekamath2'
  },
  {
    value: 'B7AF8F2F-CE74-4978-856F7ECF865AE71D',
    label: 'Wit & Wisdom',
    name: 'witandwisdom'
  },
  {
    value: '3377679E-5291-4638-A44C78881962A9C3',
    label: 'Geodes Readable Library',
    name: 'readables'
  },
  {
    value: 'C28FBE2C-C8B5-42E1-B25E18B5DEB0C941',
    label: 'PhD Science',
    name: 'science'
  },
  {
    value: '0072657F-B29A-4830-8FCB61BE68F85216',
    label: 'Wit & Wisdom PD',
    name: 'witandwisdompd'
  },
  {
    value: 'E8A8723B-6142-42D3-861DADE4F2CB07A4',
    label: 'Science PD',
    name: 'sciencepd'
  },
  {
    value: 'C016F361-B3F3-400F-847E35F169DC318C',
    label: 'Geodes: A Readable Library PD',
    name: 'readablespd'
  },
  {
    value: 'f0fa2e67-ae6c-4d69-a3db-70a45f8f0121',
    label: 'EM1 TX Parent Tip Sheets',
    name: 'readablespd1'
  },
  {
    value: 'a5791568-f90b-4034-8a85-bd0a0c1adeeb',
    label: 'EM Big Search Project',
    name: 'readablespd3'
  },
  {
    value: 'abecc4a1-7ea6-4ed6-bc68-3eb6bbb9da65',
    label: 'Eureka Math 1 VA',
    name: 'em1math1va'
  },
  {
    value: 'a2557f46-eb8c-4372-acbb-8ec2d3f3f1be',
    label: 'Eureka Math 1 TX',
    name: 'em1ma1tx'
  },
  {
    value: '035d9f2a-7e6f-4d94-89f9-a641fdd58fd4',
    label: 'Eureka Math 1 Recovery',
    name: 'em1rec'
  },
  {
    value: '8dd93a94-9d9b-4bc1-9494-7e09ea7fdad9',
    label: 'WW LA Assessment',
    name: 'wlassess'
  },
  {
    value: '5dce69c9-1ee3-45cb-b350-af0123b4c32e',
    label: 'Wit & Wisdom 2',
    name: 'wandw2'
  },
  {
    value: '3e09b3e0-598c-436e-a3ff-602e9e4a605d',
    label: 'PhD Science TX Y2',
    name: 'phsctxy2'
  },
  {
    value: '021e7fc2-0f56-4a3f-9832-671bf5bb93c1',
    label: 'Eureka Math 2 Digital',
    name: 'em2digital'
  },
  {
    value: '2ae409f0-62ae-44a1-8427-6bb10c382e0b',
    label: 'Eureka Math 2 Benchmark',
    name: 'em2bech'
  },
  {
    value: '409697a8-8217-4152-8683-807ca058331c',
    label: 'EM2 Projected B',
    name: 'em2projb'
  },
  {
    value: 'fa3c3bab-68a5-4628-b261-5b488a205db9',
    label: 'EM2 Projected',
    name: 'em2project'
  },
  {
    value: '659a9cfe-16a1-44d2-96b6-2b05ad416770',
    label: 'EM2 Print Alternative',
    name: 'em2printalert'
  },
  {
    value: '3b9aa8d6-d011-4d64-add2-4e309fa16825',
    label: 'EM2 PK & TK',
    name: 'em2pktk'
  },
  {
    value: '447e03f0-11ce-474e-a658-11e9bd746611',
    label: 'EM2 On My Own',
    name: 'em2onmyown'
  },
  {
    value: '84a710a7-c445-41bc-8ca2-454df65d1f7e',
    label: 'EM2 Integrated',
    name: 'em2integ'
  },
  {
    value: '123708b7-594d-4d00-ac7e-5d1b6badd2da',
    label: 'EM2 High School',
    name: 'em2highshool'
  },
  {
    value: 'f0706ad0-1fe8-4df4-aa5c-9b0426078824',
    label: 'EM2 Equip',
    name: 'em2eqip'
  },
  {
    value: '58313889-72f4-4f0f-af0b-5150af0345db',
    label: 'EM2 Accelerated Pathways',
    name: 'em2asspath'
  },
  {
    value: '6bd16d29-42b6-4a76-8b60-fb02d9539bde',
    label: 'EM2 Accelerated',
    name: 'em2accl'
  }
]
::1 - - [26/Aug/2021:10:14:44 +0000] "POST /api/artloginit/ HTTP/1.1" 200 7235 "http://localhost:4200/" "Mozilla/5.0 (Macintosh; Intel Mac OS X 10_15_7) AppleWebKit/537.36 (KHTML, like Gecko) Chrome/92.0.4515.159 Safari/537.36"
::1 - - [26/Aug/2021:10:14:45 +0000] "OPTIONS /api/artlogdata/ HTTP/1.1" 204 0 "http://localhost:4200/" "Mozilla/5.0 (Macintosh; Intel Mac OS X 10_15_7) AppleWebKit/537.36 (KHTML, like Gecko) Chrome/92.0.4515.159 Safari/537.36"
req parameters : [Object: null prototype] {
  apiDatakey: 'artLogData',
  jobkey: '',
  grade: '',
  module: '',
  batch: '',
  workflow: '',
  curricula: '',
  status: 'Approved',
  resTeam: '',
  added: '',
  fromPage: '0',
  toPage: '100',
  filters: ''
} 2021-08-26T10:14:45.056Z
Calling artlogdata Data sm $and [{"job_active_stage.status":{"$in":["Approved"]}}]
Calling artlogdata Data sm 222 {"$and":[{"job_active_stage.status":{"$in":["Approved"]}}]}
req.body.fromPage:--- 0
req.body.toPage:--- 100
::1 - - [26/Aug/2021:10:14:47 +0000] "POST /api/artlogdata/ HTTP/1.1" 200 1022999 "http://localhost:4200/" "Mozilla/5.0 (Macintosh; Intel Mac OS X 10_15_7) AppleWebKit/537.36 (KHTML, like Gecko) Chrome/92.0.4515.159 Safari/537.36"
A new connection was made by a client.
::1 - - [26/Aug/2021:10:15:01 +0000] "OPTIONS /api/artloginit/ HTTP/1.1" 204 0 "http://localhost:4200/" "Mozilla/5.0 (Macintosh; Intel Mac OS X 10_15_7) AppleWebKit/537.36 (KHTML, like Gecko) Chrome/92.0.4515.159 Safari/537.36"
A new connection was made by a client.
::1 - - [26/Aug/2021:10:15:01 +0000] "OPTIONS /api/artlogdata/ HTTP/1.1" 204 0 "http://localhost:4200/" "Mozilla/5.0 (Macintosh; Intel Mac OS X 10_15_7) AppleWebKit/537.36 (KHTML, like Gecko) Chrome/92.0.4515.159 Safari/537.36"
---------------artloginit:---------- 
req parameters : [Object: null prototype] {
  apiDatakey: 'artLogData',
  jobkey: '',
  grade: '',
  module: '',
  batch: '',
  workflow: '',
  curricula: '',
  status: 'Active',
  resTeam: '',
  added: '',
  fromPage: '0',
  toPage: '50',
  filters: ''
} 2021-08-26T10:15:01.431Z
Calling artlogdata Data sm $and [{"job_active_stage.status":{"$in":["Active","NeedsChanges"]}}]
Calling artlogdata Data sm 222 {"$and":[{"job_active_stage.status":{"$in":["Active","NeedsChanges"]}}]}
req.body.fromPage:--- 0
req.body.toPage:--- 50
 GCurriculaWIP   [
  {
    value: '0BA90096-1E7A-4E4C-9828383715745B3A',
    label: 'Eureka Math 1',
    name: 'eurekamath'
  },
  {
    value: '4F365339-BD96-4E83-97F86A27DBFD7AA1',
    label: 'Eureka Math 2',
    name: 'eurekamath2'
  },
  {
    value: 'B7AF8F2F-CE74-4978-856F7ECF865AE71D',
    label: 'Wit & Wisdom',
    name: 'witandwisdom'
  },
  {
    value: '3377679E-5291-4638-A44C78881962A9C3',
    label: 'Geodes Readable Library',
    name: 'readables'
  },
  {
    value: 'C28FBE2C-C8B5-42E1-B25E18B5DEB0C941',
    label: 'PhD Science',
    name: 'science'
  },
  {
    value: '0072657F-B29A-4830-8FCB61BE68F85216',
    label: 'Wit & Wisdom PD',
    name: 'witandwisdompd'
  },
  {
    value: 'E8A8723B-6142-42D3-861DADE4F2CB07A4',
    label: 'Science PD',
    name: 'sciencepd'
  },
  {
    value: 'C016F361-B3F3-400F-847E35F169DC318C',
    label: 'Geodes: A Readable Library PD',
    name: 'readablespd'
  },
  {
    value: 'f0fa2e67-ae6c-4d69-a3db-70a45f8f0121',
    label: 'EM1 TX Parent Tip Sheets',
    name: 'readablespd1'
  },
  {
    value: 'a5791568-f90b-4034-8a85-bd0a0c1adeeb',
    label: 'EM Big Search Project',
    name: 'readablespd3'
  },
  {
    value: 'abecc4a1-7ea6-4ed6-bc68-3eb6bbb9da65',
    label: 'Eureka Math 1 VA',
    name: 'em1math1va'
  },
  {
    value: 'a2557f46-eb8c-4372-acbb-8ec2d3f3f1be',
    label: 'Eureka Math 1 TX',
    name: 'em1ma1tx'
  },
  {
    value: '035d9f2a-7e6f-4d94-89f9-a641fdd58fd4',
    label: 'Eureka Math 1 Recovery',
    name: 'em1rec'
  },
  {
    value: '8dd93a94-9d9b-4bc1-9494-7e09ea7fdad9',
    label: 'WW LA Assessment',
    name: 'wlassess'
  },
  {
    value: '5dce69c9-1ee3-45cb-b350-af0123b4c32e',
    label: 'Wit & Wisdom 2',
    name: 'wandw2'
  },
  {
    value: '3e09b3e0-598c-436e-a3ff-602e9e4a605d',
    label: 'PhD Science TX Y2',
    name: 'phsctxy2'
  },
  {
    value: '021e7fc2-0f56-4a3f-9832-671bf5bb93c1',
    label: 'Eureka Math 2 Digital',
    name: 'em2digital'
  },
  {
    value: '2ae409f0-62ae-44a1-8427-6bb10c382e0b',
    label: 'Eureka Math 2 Benchmark',
    name: 'em2bech'
  },
  {
    value: '409697a8-8217-4152-8683-807ca058331c',
    label: 'EM2 Projected B',
    name: 'em2projb'
  },
  {
    value: 'fa3c3bab-68a5-4628-b261-5b488a205db9',
    label: 'EM2 Projected',
    name: 'em2project'
  },
  {
    value: '659a9cfe-16a1-44d2-96b6-2b05ad416770',
    label: 'EM2 Print Alternative',
    name: 'em2printalert'
  },
  {
    value: '3b9aa8d6-d011-4d64-add2-4e309fa16825',
    label: 'EM2 PK & TK',
    name: 'em2pktk'
  },
  {
    value: '447e03f0-11ce-474e-a658-11e9bd746611',
    label: 'EM2 On My Own',
    name: 'em2onmyown'
  },
  {
    value: '84a710a7-c445-41bc-8ca2-454df65d1f7e',
    label: 'EM2 Integrated',
    name: 'em2integ'
  },
  {
    value: '123708b7-594d-4d00-ac7e-5d1b6badd2da',
    label: 'EM2 High School',
    name: 'em2highshool'
  },
  {
    value: 'f0706ad0-1fe8-4df4-aa5c-9b0426078824',
    label: 'EM2 Equip',
    name: 'em2eqip'
  },
  {
    value: '58313889-72f4-4f0f-af0b-5150af0345db',
    label: 'EM2 Accelerated Pathways',
    name: 'em2asspath'
  },
  {
    value: '6bd16d29-42b6-4a76-8b60-fb02d9539bde',
    label: 'EM2 Accelerated',
    name: 'em2accl'
  }
]
::1 - - [26/Aug/2021:10:15:01 +0000] "POST /api/artloginit/ HTTP/1.1" 200 7235 "http://localhost:4200/" "Mozilla/5.0 (Macintosh; Intel Mac OS X 10_15_7) AppleWebKit/537.36 (KHTML, like Gecko) Chrome/92.0.4515.159 Safari/537.36"
::1 - - [26/Aug/2021:10:15:03 +0000] "POST /api/artlogdata/ HTTP/1.1" 200 504915 "http://localhost:4200/" "Mozilla/5.0 (Macintosh; Intel Mac OS X 10_15_7) AppleWebKit/537.36 (KHTML, like Gecko) Chrome/92.0.4515.159 Safari/537.36"
---------------artloginit:---------- 
 GCurriculaWIP   [
  {
    value: '0BA90096-1E7A-4E4C-9828383715745B3A',
    label: 'Eureka Math 1',
    name: 'eurekamath'
  },
  {
    value: '4F365339-BD96-4E83-97F86A27DBFD7AA1',
    label: 'Eureka Math 2',
    name: 'eurekamath2'
  },
  {
    value: 'B7AF8F2F-CE74-4978-856F7ECF865AE71D',
    label: 'Wit & Wisdom',
    name: 'witandwisdom'
  },
  {
    value: '3377679E-5291-4638-A44C78881962A9C3',
    label: 'Geodes Readable Library',
    name: 'readables'
  },
  {
    value: 'C28FBE2C-C8B5-42E1-B25E18B5DEB0C941',
    label: 'PhD Science',
    name: 'science'
  },
  {
    value: '0072657F-B29A-4830-8FCB61BE68F85216',
    label: 'Wit & Wisdom PD',
    name: 'witandwisdompd'
  },
  {
    value: 'E8A8723B-6142-42D3-861DADE4F2CB07A4',
    label: 'Science PD',
    name: 'sciencepd'
  },
  {
    value: 'C016F361-B3F3-400F-847E35F169DC318C',
    label: 'Geodes: A Readable Library PD',
    name: 'readablespd'
  },
  {
    value: 'f0fa2e67-ae6c-4d69-a3db-70a45f8f0121',
    label: 'EM1 TX Parent Tip Sheets',
    name: 'readablespd1'
  },
  {
    value: 'a5791568-f90b-4034-8a85-bd0a0c1adeeb',
    label: 'EM Big Search Project',
    name: 'readablespd3'
  },
  {
    value: 'abecc4a1-7ea6-4ed6-bc68-3eb6bbb9da65',
    label: 'Eureka Math 1 VA',
    name: 'em1math1va'
  },
  {
    value: 'a2557f46-eb8c-4372-acbb-8ec2d3f3f1be',
    label: 'Eureka Math 1 TX',
    name: 'em1ma1tx'
  },
  {
    value: '035d9f2a-7e6f-4d94-89f9-a641fdd58fd4',
    label: 'Eureka Math 1 Recovery',
    name: 'em1rec'
  },
  {
    value: '8dd93a94-9d9b-4bc1-9494-7e09ea7fdad9',
    label: 'WW LA Assessment',
    name: 'wlassess'
  },
  {
    value: '5dce69c9-1ee3-45cb-b350-af0123b4c32e',
    label: 'Wit & Wisdom 2',
    name: 'wandw2'
  },
  {
    value: '3e09b3e0-598c-436e-a3ff-602e9e4a605d',
    label: 'PhD Science TX Y2',
    name: 'phsctxy2'
  },
  {
    value: '021e7fc2-0f56-4a3f-9832-671bf5bb93c1',
    label: 'Eureka Math 2 Digital',
    name: 'em2digital'
  },
  {
    value: '2ae409f0-62ae-44a1-8427-6bb10c382e0b',
    label: 'Eureka Math 2 Benchmark',
    name: 'em2bech'
  },
  {
    value: '409697a8-8217-4152-8683-807ca058331c',
    label: 'EM2 Projected B',
    name: 'em2projb'
  },
  {
    value: 'fa3c3bab-68a5-4628-b261-5b488a205db9',
    label: 'EM2 Projected',
    name: 'em2project'
  },
  {
    value: '659a9cfe-16a1-44d2-96b6-2b05ad416770',
    label: 'EM2 Print Alternative',
    name: 'em2printalert'
  },
  {
    value: '3b9aa8d6-d011-4d64-add2-4e309fa16825',
    label: 'EM2 PK & TK',
    name: 'em2pktk'
  },
  {
    value: '447e03f0-11ce-474e-a658-11e9bd746611',
    label: 'EM2 On My Own',
    name: 'em2onmyown'
  },
  {
    value: '84a710a7-c445-41bc-8ca2-454df65d1f7e',
    label: 'EM2 Integrated',
    name: 'em2integ'
  },
  {
    value: '123708b7-594d-4d00-ac7e-5d1b6badd2da',
    label: 'EM2 High School',
    name: 'em2highshool'
  },
  {
    value: 'f0706ad0-1fe8-4df4-aa5c-9b0426078824',
    label: 'EM2 Equip',
    name: 'em2eqip'
  },
  {
    value: '58313889-72f4-4f0f-af0b-5150af0345db',
    label: 'EM2 Accelerated Pathways',
    name: 'em2asspath'
  },
  {
    value: '6bd16d29-42b6-4a76-8b60-fb02d9539bde',
    label: 'EM2 Accelerated',
    name: 'em2accl'
  }
]
::1 - - [26/Aug/2021:10:15:05 +0000] "POST /api/artloginit/ HTTP/1.1" 200 7235 "http://localhost:4200/" "Mozilla/5.0 (Macintosh; Intel Mac OS X 10_15_7) AppleWebKit/537.36 (KHTML, like Gecko) Chrome/92.0.4515.159 Safari/537.36"
req parameters : [Object: null prototype] {
  apiDatakey: 'artLogData',
  jobkey: '',
  grade: '',
  module: '',
  batch: '',
  workflow: '',
  curricula: '',
  status: 'Approved',
  resTeam: '',
  added: '',
  fromPage: '0',
  toPage: '100',
  filters: ''
} 2021-08-26T10:15:05.757Z
Calling artlogdata Data sm $and [{"job_active_stage.status":{"$in":["Approved"]}}]
Calling artlogdata Data sm 222 {"$and":[{"job_active_stage.status":{"$in":["Approved"]}}]}
req.body.fromPage:--- 0
req.body.toPage:--- 100
::1 - - [26/Aug/2021:10:15:08 +0000] "POST /api/artlogdata/ HTTP/1.1" 200 1022999 "http://localhost:4200/" "Mozilla/5.0 (Macintosh; Intel Mac OS X 10_15_7) AppleWebKit/537.36 (KHTML, like Gecko) Chrome/92.0.4515.159 Safari/537.36"
A new connection was made by a client.
::1 - - [26/Aug/2021:10:17:03 +0000] "OPTIONS /api/artloginit/ HTTP/1.1" 204 0 "http://localhost:4200/" "Mozilla/5.0 (Macintosh; Intel Mac OS X 10_15_7) AppleWebKit/537.36 (KHTML, like Gecko) Chrome/92.0.4515.159 Safari/537.36"
---------------artloginit:---------- 
A new connection was made by a client.
::1 - - [26/Aug/2021:10:17:03 +0000] "OPTIONS /api/artlogdata/ HTTP/1.1" 204 0 "http://localhost:4200/" "Mozilla/5.0 (Macintosh; Intel Mac OS X 10_15_7) AppleWebKit/537.36 (KHTML, like Gecko) Chrome/92.0.4515.159 Safari/537.36"
req parameters : [Object: null prototype] {
  apiDatakey: 'artLogData',
  jobkey: '',
  grade: '',
  module: '',
  batch: '',
  workflow: '',
  curricula: '',
  status: 'Active',
  resTeam: '',
  added: '',
  fromPage: '0',
  toPage: '50',
  filters: ''
} 2021-08-26T10:17:03.527Z
Calling artlogdata Data sm $and [{"job_active_stage.status":{"$in":["Active","NeedsChanges"]}}]
Calling artlogdata Data sm 222 {"$and":[{"job_active_stage.status":{"$in":["Active","NeedsChanges"]}}]}
req.body.fromPage:--- 0
req.body.toPage:--- 50
 GCurriculaWIP   [
  {
    value: '0BA90096-1E7A-4E4C-9828383715745B3A',
    label: 'Eureka Math 1',
    name: 'eurekamath'
  },
  {
    value: '4F365339-BD96-4E83-97F86A27DBFD7AA1',
    label: 'Eureka Math 2',
    name: 'eurekamath2'
  },
  {
    value: 'B7AF8F2F-CE74-4978-856F7ECF865AE71D',
    label: 'Wit & Wisdom',
    name: 'witandwisdom'
  },
  {
    value: '3377679E-5291-4638-A44C78881962A9C3',
    label: 'Geodes Readable Library',
    name: 'readables'
  },
  {
    value: 'C28FBE2C-C8B5-42E1-B25E18B5DEB0C941',
    label: 'PhD Science',
    name: 'science'
  },
  {
    value: '0072657F-B29A-4830-8FCB61BE68F85216',
    label: 'Wit & Wisdom PD',
    name: 'witandwisdompd'
  },
  {
    value: 'E8A8723B-6142-42D3-861DADE4F2CB07A4',
    label: 'Science PD',
    name: 'sciencepd'
  },
  {
    value: 'C016F361-B3F3-400F-847E35F169DC318C',
    label: 'Geodes: A Readable Library PD',
    name: 'readablespd'
  },
  {
    value: 'f0fa2e67-ae6c-4d69-a3db-70a45f8f0121',
    label: 'EM1 TX Parent Tip Sheets',
    name: 'readablespd1'
  },
  {
    value: 'a5791568-f90b-4034-8a85-bd0a0c1adeeb',
    label: 'EM Big Search Project',
    name: 'readablespd3'
  },
  {
    value: 'abecc4a1-7ea6-4ed6-bc68-3eb6bbb9da65',
    label: 'Eureka Math 1 VA',
    name: 'em1math1va'
  },
  {
    value: 'a2557f46-eb8c-4372-acbb-8ec2d3f3f1be',
    label: 'Eureka Math 1 TX',
    name: 'em1ma1tx'
  },
  {
    value: '035d9f2a-7e6f-4d94-89f9-a641fdd58fd4',
    label: 'Eureka Math 1 Recovery',
    name: 'em1rec'
  },
  {
    value: '8dd93a94-9d9b-4bc1-9494-7e09ea7fdad9',
    label: 'WW LA Assessment',
    name: 'wlassess'
  },
  {
    value: '5dce69c9-1ee3-45cb-b350-af0123b4c32e',
    label: 'Wit & Wisdom 2',
    name: 'wandw2'
  },
  {
    value: '3e09b3e0-598c-436e-a3ff-602e9e4a605d',
    label: 'PhD Science TX Y2',
    name: 'phsctxy2'
  },
  {
    value: '021e7fc2-0f56-4a3f-9832-671bf5bb93c1',
    label: 'Eureka Math 2 Digital',
    name: 'em2digital'
  },
  {
    value: '2ae409f0-62ae-44a1-8427-6bb10c382e0b',
    label: 'Eureka Math 2 Benchmark',
    name: 'em2bech'
  },
  {
    value: '409697a8-8217-4152-8683-807ca058331c',
    label: 'EM2 Projected B',
    name: 'em2projb'
  },
  {
    value: 'fa3c3bab-68a5-4628-b261-5b488a205db9',
    label: 'EM2 Projected',
    name: 'em2project'
  },
  {
    value: '659a9cfe-16a1-44d2-96b6-2b05ad416770',
    label: 'EM2 Print Alternative',
    name: 'em2printalert'
  },
  {
    value: '3b9aa8d6-d011-4d64-add2-4e309fa16825',
    label: 'EM2 PK & TK',
    name: 'em2pktk'
  },
  {
    value: '447e03f0-11ce-474e-a658-11e9bd746611',
    label: 'EM2 On My Own',
    name: 'em2onmyown'
  },
  {
    value: '84a710a7-c445-41bc-8ca2-454df65d1f7e',
    label: 'EM2 Integrated',
    name: 'em2integ'
  },
  {
    value: '123708b7-594d-4d00-ac7e-5d1b6badd2da',
    label: 'EM2 High School',
    name: 'em2highshool'
  },
  {
    value: 'f0706ad0-1fe8-4df4-aa5c-9b0426078824',
    label: 'EM2 Equip',
    name: 'em2eqip'
  },
  {
    value: '58313889-72f4-4f0f-af0b-5150af0345db',
    label: 'EM2 Accelerated Pathways',
    name: 'em2asspath'
  },
  {
    value: '6bd16d29-42b6-4a76-8b60-fb02d9539bde',
    label: 'EM2 Accelerated',
    name: 'em2accl'
  }
]
::1 - - [26/Aug/2021:10:17:03 +0000] "POST /api/artloginit/ HTTP/1.1" 200 7235 "http://localhost:4200/" "Mozilla/5.0 (Macintosh; Intel Mac OS X 10_15_7) AppleWebKit/537.36 (KHTML, like Gecko) Chrome/92.0.4515.159 Safari/537.36"
::1 - - [26/Aug/2021:10:17:05 +0000] "POST /api/artlogdata/ HTTP/1.1" 200 504915 "http://localhost:4200/" "Mozilla/5.0 (Macintosh; Intel Mac OS X 10_15_7) AppleWebKit/537.36 (KHTML, like Gecko) Chrome/92.0.4515.159 Safari/537.36"
::1 - - [26/Aug/2021:10:17:09 +0000] "OPTIONS /api/artlogdata/ HTTP/1.1" 204 0 "http://localhost:4200/" "Mozilla/5.0 (Macintosh; Intel Mac OS X 10_15_7) AppleWebKit/537.36 (KHTML, like Gecko) Chrome/92.0.4515.159 Safari/537.36"
req parameters : [Object: null prototype] {
  apiDatakey: 'artLogData',
  jobkey: '',
  grade: '706c4c9855884e3cbc4aadb28255e6a8,b795cf512398444db77ba09d549b4d95,eb8495e074394c5d880032b5bf8df5d7,2a2b5018fe3e441dbe140e7a0483a4ec,becc73b9714447fca4c7d968bd152308,50e5dcd8ca9d40e296f9a04b9080aa3d,3084d28b4e234e05a2aaaf327877689a,321f87dc6a474894854bb033e5f14a03,bb856c89034c4a87b83a9587645422bd,90014f12e23e4195adb7c51d45170630,4af7ad72d5b24232ac6b573a26984878,91d1b2f867d243edb8fa93cc1e3bc621,a098d8ec4ea94dd5b251ad861a10bb87,c5b5cabb1e1c485f9d3f62cb0a972109,7240c32bded14ee18998abedafb7fdfb',
  module: '',
  batch: '',
  workflow: '',
  curricula: '4F365339-BD96-4E83-97F86A27DBFD7AA1',
  status: '',
  resTeam: '',
  added: '',
  fromPage: '0',
  toPage: '50',
  filters: ''
} 2021-08-26T10:17:09.895Z
Calling artlogdata Data sm $and [{"jobMetaproperties.c0ac0a86e65f4f7ebd88dbd7e77965ef":{"$in":["706c4c9855884e3cbc4aadb28255e6a8","b795cf512398444db77ba09d549b4d95","eb8495e074394c5d880032b5bf8df5d7","2a2b5018fe3e441dbe140e7a0483a4ec","becc73b9714447fca4c7d968bd152308","50e5dcd8ca9d40e296f9a04b9080aa3d","3084d28b4e234e05a2aaaf327877689a","321f87dc6a474894854bb033e5f14a03","bb856c89034c4a87b83a9587645422bd","90014f12e23e4195adb7c51d45170630","4af7ad72d5b24232ac6b573a26984878","91d1b2f867d243edb8fa93cc1e3bc621","a098d8ec4ea94dd5b251ad861a10bb87","c5b5cabb1e1c485f9d3f62cb0a972109","7240c32bded14ee18998abedafb7fdfb"]}},{"grade":"706c4c9855884e3cbc4aadb28255e6a8,b795cf512398444db77ba09d549b4d95,eb8495e074394c5d880032b5bf8df5d7,2a2b5018fe3e441dbe140e7a0483a4ec,becc73b9714447fca4c7d968bd152308,50e5dcd8ca9d40e296f9a04b9080aa3d,3084d28b4e234e05a2aaaf327877689a,321f87dc6a474894854bb033e5f14a03,bb856c89034c4a87b83a9587645422bd,90014f12e23e4195adb7c51d45170630,4af7ad72d5b24232ac6b573a26984878,91d1b2f867d243edb8fa93cc1e3bc621,a098d8ec4ea94dd5b251ad861a10bb87,c5b5cabb1e1c485f9d3f62cb0a972109,7240c32bded14ee18998abedafb7fdfb"},{"jobMetaproperties.0790cd4f2aed4ce0a315ff8034a43994":"4F365339-BD96-4E83-97F86A27DBFD7AA1"},{"job_active_stage.status":{"$in":["NeedsChanges"]}}]
Calling artlogdata Data sm 222 {"$and":[{"jobMetaproperties.c0ac0a86e65f4f7ebd88dbd7e77965ef":{"$in":["706c4c9855884e3cbc4aadb28255e6a8","b795cf512398444db77ba09d549b4d95","eb8495e074394c5d880032b5bf8df5d7","2a2b5018fe3e441dbe140e7a0483a4ec","becc73b9714447fca4c7d968bd152308","50e5dcd8ca9d40e296f9a04b9080aa3d","3084d28b4e234e05a2aaaf327877689a","321f87dc6a474894854bb033e5f14a03","bb856c89034c4a87b83a9587645422bd","90014f12e23e4195adb7c51d45170630","4af7ad72d5b24232ac6b573a26984878","91d1b2f867d243edb8fa93cc1e3bc621","a098d8ec4ea94dd5b251ad861a10bb87","c5b5cabb1e1c485f9d3f62cb0a972109","7240c32bded14ee18998abedafb7fdfb"]}},{"grade":"706c4c9855884e3cbc4aadb28255e6a8,b795cf512398444db77ba09d549b4d95,eb8495e074394c5d880032b5bf8df5d7,2a2b5018fe3e441dbe140e7a0483a4ec,becc73b9714447fca4c7d968bd152308,50e5dcd8ca9d40e296f9a04b9080aa3d,3084d28b4e234e05a2aaaf327877689a,321f87dc6a474894854bb033e5f14a03,bb856c89034c4a87b83a9587645422bd,90014f12e23e4195adb7c51d45170630,4af7ad72d5b24232ac6b573a26984878,91d1b2f867d243edb8fa93cc1e3bc621,a098d8ec4ea94dd5b251ad861a10bb87,c5b5cabb1e1c485f9d3f62cb0a972109,7240c32bded14ee18998abedafb7fdfb"},{"jobMetaproperties.0790cd4f2aed4ce0a315ff8034a43994":"4F365339-BD96-4E83-97F86A27DBFD7AA1"},{"job_active_stage.status":{"$in":["NeedsChanges"]}}]}
req.body.fromPage:--- 0
req.body.toPage:--- 50
::1 - - [26/Aug/2021:10:17:10 +0000] "POST /api/artlogdata/ HTTP/1.1" 200 403 "http://localhost:4200/" "Mozilla/5.0 (Macintosh; Intel Mac OS X 10_15_7) AppleWebKit/537.36 (KHTML, like Gecko) Chrome/92.0.4515.159 Safari/537.36"
A new connection was made by a client.
::1 - - [26/Aug/2021:10:19:31 +0000] "OPTIONS /api/artlogdata/ HTTP/1.1" 204 0 "http://localhost:4200/" "Mozilla/5.0 (Macintosh; Intel Mac OS X 10_15_7) AppleWebKit/537.36 (KHTML, like Gecko) Chrome/92.0.4515.159 Safari/537.36"
req parameters : [Object: null prototype] {
  apiDatakey: 'artLogData',
  jobkey: '',
  grade: '706c4c9855884e3cbc4aadb28255e6a8,b795cf512398444db77ba09d549b4d95,eb8495e074394c5d880032b5bf8df5d7,2a2b5018fe3e441dbe140e7a0483a4ec,becc73b9714447fca4c7d968bd152308,50e5dcd8ca9d40e296f9a04b9080aa3d,3084d28b4e234e05a2aaaf327877689a,321f87dc6a474894854bb033e5f14a03,bb856c89034c4a87b83a9587645422bd,90014f12e23e4195adb7c51d45170630,4af7ad72d5b24232ac6b573a26984878,91d1b2f867d243edb8fa93cc1e3bc621,a098d8ec4ea94dd5b251ad861a10bb87,c5b5cabb1e1c485f9d3f62cb0a972109,7240c32bded14ee18998abedafb7fdfb',
  module: '',
  batch: '',
  workflow: '',
  curricula: '4F365339-BD96-4E83-97F86A27DBFD7AA1',
  status: '',
  resTeam: '',
  added: '',
  fromPage: '0',
  toPage: '50',
  filters: ''
} 2021-08-26T10:19:31.050Z
Calling artlogdata Data sm $and [{"jobMetaproperties.c0ac0a86e65f4f7ebd88dbd7e77965ef":{"$in":["706c4c9855884e3cbc4aadb28255e6a8","b795cf512398444db77ba09d549b4d95","eb8495e074394c5d880032b5bf8df5d7","2a2b5018fe3e441dbe140e7a0483a4ec","becc73b9714447fca4c7d968bd152308","50e5dcd8ca9d40e296f9a04b9080aa3d","3084d28b4e234e05a2aaaf327877689a","321f87dc6a474894854bb033e5f14a03","bb856c89034c4a87b83a9587645422bd","90014f12e23e4195adb7c51d45170630","4af7ad72d5b24232ac6b573a26984878","91d1b2f867d243edb8fa93cc1e3bc621","a098d8ec4ea94dd5b251ad861a10bb87","c5b5cabb1e1c485f9d3f62cb0a972109","7240c32bded14ee18998abedafb7fdfb"]}},{"grade":"706c4c9855884e3cbc4aadb28255e6a8,b795cf512398444db77ba09d549b4d95,eb8495e074394c5d880032b5bf8df5d7,2a2b5018fe3e441dbe140e7a0483a4ec,becc73b9714447fca4c7d968bd152308,50e5dcd8ca9d40e296f9a04b9080aa3d,3084d28b4e234e05a2aaaf327877689a,321f87dc6a474894854bb033e5f14a03,bb856c89034c4a87b83a9587645422bd,90014f12e23e4195adb7c51d45170630,4af7ad72d5b24232ac6b573a26984878,91d1b2f867d243edb8fa93cc1e3bc621,a098d8ec4ea94dd5b251ad861a10bb87,c5b5cabb1e1c485f9d3f62cb0a972109,7240c32bded14ee18998abedafb7fdfb"},{"jobMetaproperties.0790cd4f2aed4ce0a315ff8034a43994":"4F365339-BD96-4E83-97F86A27DBFD7AA1"},{"job_active_stage.status":{"$in":["NeedsChanges"]}}]
Calling artlogdata Data sm 222 {"$and":[{"jobMetaproperties.c0ac0a86e65f4f7ebd88dbd7e77965ef":{"$in":["706c4c9855884e3cbc4aadb28255e6a8","b795cf512398444db77ba09d549b4d95","eb8495e074394c5d880032b5bf8df5d7","2a2b5018fe3e441dbe140e7a0483a4ec","becc73b9714447fca4c7d968bd152308","50e5dcd8ca9d40e296f9a04b9080aa3d","3084d28b4e234e05a2aaaf327877689a","321f87dc6a474894854bb033e5f14a03","bb856c89034c4a87b83a9587645422bd","90014f12e23e4195adb7c51d45170630","4af7ad72d5b24232ac6b573a26984878","91d1b2f867d243edb8fa93cc1e3bc621","a098d8ec4ea94dd5b251ad861a10bb87","c5b5cabb1e1c485f9d3f62cb0a972109","7240c32bded14ee18998abedafb7fdfb"]}},{"grade":"706c4c9855884e3cbc4aadb28255e6a8,b795cf512398444db77ba09d549b4d95,eb8495e074394c5d880032b5bf8df5d7,2a2b5018fe3e441dbe140e7a0483a4ec,becc73b9714447fca4c7d968bd152308,50e5dcd8ca9d40e296f9a04b9080aa3d,3084d28b4e234e05a2aaaf327877689a,321f87dc6a474894854bb033e5f14a03,bb856c89034c4a87b83a9587645422bd,90014f12e23e4195adb7c51d45170630,4af7ad72d5b24232ac6b573a26984878,91d1b2f867d243edb8fa93cc1e3bc621,a098d8ec4ea94dd5b251ad861a10bb87,c5b5cabb1e1c485f9d3f62cb0a972109,7240c32bded14ee18998abedafb7fdfb"},{"jobMetaproperties.0790cd4f2aed4ce0a315ff8034a43994":"4F365339-BD96-4E83-97F86A27DBFD7AA1"},{"job_active_stage.status":{"$in":["NeedsChanges"]}}]}
req.body.fromPage:--- 0
req.body.toPage:--- 50
::1 - - [26/Aug/2021:10:19:31 +0000] "POST /api/artlogdata/ HTTP/1.1" 200 403 "http://localhost:4200/" "Mozilla/5.0 (Macintosh; Intel Mac OS X 10_15_7) AppleWebKit/537.36 (KHTML, like Gecko) Chrome/92.0.4515.159 Safari/537.36"
A new connection was made by a client.
::1 - - [26/Aug/2021:10:43:37 +0000] "OPTIONS /api/artloginit/ HTTP/1.1" 204 0 "http://localhost:4200/" "Mozilla/5.0 (Macintosh; Intel Mac OS X 10_15_7) AppleWebKit/537.36 (KHTML, like Gecko) Chrome/92.0.4515.159 Safari/537.36"
---------------artloginit:---------- 
A new connection was made by a client.
::1 - - [26/Aug/2021:10:43:37 +0000] "OPTIONS /api/artlogdata/ HTTP/1.1" 204 0 "http://localhost:4200/" "Mozilla/5.0 (Macintosh; Intel Mac OS X 10_15_7) AppleWebKit/537.36 (KHTML, like Gecko) Chrome/92.0.4515.159 Safari/537.36"
req parameters : [Object: null prototype] {
  apiDatakey: 'artLogData',
  jobkey: '',
  grade: '',
  module: '',
  batch: '',
  workflow: '',
  curricula: '',
  status: 'Active',
  resTeam: '',
  added: '',
  fromPage: '0',
  toPage: '50',
  filters: ''
} 2021-08-26T10:43:37.856Z
Calling artlogdata Data sm $and [{"job_active_stage.status":{"$in":["Active","NeedsChanges"]}}]
Calling artlogdata Data sm 222 {"$and":[{"job_active_stage.status":{"$in":["Active","NeedsChanges"]}}]}
req.body.fromPage:--- 0
req.body.toPage:--- 50
::1 - - [26/Aug/2021:11:04:37 +0000] "POST /api/artloginit/ HTTP/1.1" - - "http://localhost:4200/" "Mozilla/5.0 (Macintosh; Intel Mac OS X 10_15_7) AppleWebKit/537.36 (KHTML, like Gecko) Chrome/92.0.4515.159 Safari/537.36"
A new connection was made by a client.
---------------artloginit:---------- 
::1 - - [26/Aug/2021:11:04:37 +0000] "POST /api/artlogdata/ HTTP/1.1" - - "http://localhost:4200/" "Mozilla/5.0 (Macintosh; Intel Mac OS X 10_15_7) AppleWebKit/537.36 (KHTML, like Gecko) Chrome/92.0.4515.159 Safari/537.36"
A new connection was made by a client.
req parameters : [Object: null prototype] {
  apiDatakey: 'artLogData',
  jobkey: '',
  grade: '',
  module: '',
  batch: '',
  workflow: '',
  curricula: '',
  status: 'Active',
  resTeam: '',
  added: '',
  fromPage: '0',
  toPage: '50',
  filters: ''
} 2021-08-26T11:04:37.214Z
Calling artlogdata Data sm $and [{"job_active_stage.status":{"$in":["Active","NeedsChanges"]}}]
Calling artlogdata Data sm 222 {"$and":[{"job_active_stage.status":{"$in":["Active","NeedsChanges"]}}]}
req.body.fromPage:--- 0
req.body.toPage:--- 50
::1 - - [26/Aug/2021:11:05:57 +0000] "POST /api/artloginit/ HTTP/1.1" - - "http://localhost:4200/" "Mozilla/5.0 (Macintosh; Intel Mac OS X 10_15_7) AppleWebKit/537.36 (KHTML, like Gecko) Chrome/92.0.4515.159 Safari/537.36"
::1 - - [26/Aug/2021:11:05:57 +0000] "POST /api/artlogdata/ HTTP/1.1" - - "http://localhost:4200/" "Mozilla/5.0 (Macintosh; Intel Mac OS X 10_15_7) AppleWebKit/537.36 (KHTML, like Gecko) Chrome/92.0.4515.159 Safari/537.36"
A new connection was made by a client.
getUserInfo cookies values ::  [Object: null prototype] {}
::1 - - [26/Aug/2021:11:07:17 +0000] "POST /api/getUserInfo/ HTTP/1.1" - - "http://localhost:4200/" "Mozilla/5.0 (Macintosh; Intel Mac OS X 10_15_7) AppleWebKit/537.36 (KHTML, like Gecko) Chrome/92.0.4515.159 Safari/537.36"
A new connection was made by a client.
REQ==1111 1222-----> [Object: null prototype] {
  email: 'gm.art.production@mpslimited.com',
  password: 'gm@remote'
}
REQ==2222 2--------> [Object: null prototype] {
  email: 'gm.art.production@mpslimited.com',
  password: 'gm@remote'
}
::1 - - [26/Aug/2021:11:10:30 +0000] "POST /api/login HTTP/1.1" - - "http://localhost:4200/" "Mozilla/5.0 (Macintosh; Intel Mac OS X 10_15_7) AppleWebKit/537.36 (KHTML, like Gecko) Chrome/92.0.4515.159 Safari/537.36"
Mongoose connection error: DisconnectedError: Ran out of retries trying to reconnect to "10.31.1.143:27017". Try setting `server.reconnectTries` and `server.reconnectInterval` to something higher.
Finding error from searchState:  Error [MongoError]: failed to reconnect after 30 attempts with interval 1000 ms
    at Connection.<anonymous> (/Users/gurpreet/Desktop/Mps/GM/github/artlog_automation_services/node_modules/mongodb-core/lib/connection/pool.js:318:15)
    at Connection.emit (events.js:310:20)
    at Socket.<anonymous> (/Users/gurpreet/Desktop/Mps/GM/github/artlog_automation_services/node_modules/mongodb-core/lib/connection/connection.js:199:10)
    at Object.onceWrapper (events.js:416:28)
    at Socket.emit (events.js:310:20)
    at Socket._onTimeout (net.js:479:8)
    at listOnTimeout (internal/timers.js:549:17)
    at processTimers (internal/timers.js:492:7) {
  name: 'MongoError',
  message: 'failed to reconnect after 30 attempts with interval 1000 ms'
}
Error in finder ERROR: Error [MongoError]: failed to reconnect after 30 attempts with interval 1000 ms
    at Connection.<anonymous> (/Users/gurpreet/Desktop/Mps/GM/github/artlog_automation_services/node_modules/mongodb-core/lib/connection/pool.js:318:15)
    at Connection.emit (events.js:310:20)
    at Socket.<anonymous> (/Users/gurpreet/Desktop/Mps/GM/github/artlog_automation_services/node_modules/mongodb-core/lib/connection/connection.js:199:10)
    at Object.onceWrapper (events.js:416:28)
    at Socket.emit (events.js:310:20)
    at Socket._onTimeout (net.js:479:8)
    at listOnTimeout (internal/timers.js:549:17)
    at processTimers (internal/timers.js:492:7) {
  name: 'MongoError',
  message: 'failed to reconnect after 30 attempts with interval 1000 ms'
}
Finding error from searchState:  Error [MongoError]: failed to reconnect after 30 attempts with interval 1000 ms
    at Connection.<anonymous> (/Users/gurpreet/Desktop/Mps/GM/github/artlog_automation_services/node_modules/mongodb-core/lib/connection/pool.js:318:15)
    at Connection.emit (events.js:310:20)
    at Socket.<anonymous> (/Users/gurpreet/Desktop/Mps/GM/github/artlog_automation_services/node_modules/mongodb-core/lib/connection/connection.js:199:10)
    at Object.onceWrapper (events.js:416:28)
    at Socket.emit (events.js:310:20)
    at Socket._onTimeout (net.js:479:8)
    at listOnTimeout (internal/timers.js:549:17)
    at processTimers (internal/timers.js:492:7) {
  name: 'MongoError',
  message: 'failed to reconnect after 30 attempts with interval 1000 ms'
}
Error in finder ERROR: Error [MongoError]: failed to reconnect after 30 attempts with interval 1000 ms
    at Connection.<anonymous> (/Users/gurpreet/Desktop/Mps/GM/github/artlog_automation_services/node_modules/mongodb-core/lib/connection/pool.js:318:15)
    at Connection.emit (events.js:310:20)
    at Socket.<anonymous> (/Users/gurpreet/Desktop/Mps/GM/github/artlog_automation_services/node_modules/mongodb-core/lib/connection/connection.js:199:10)
    at Object.onceWrapper (events.js:416:28)
    at Socket.emit (events.js:310:20)
    at Socket._onTimeout (net.js:479:8)
    at listOnTimeout (internal/timers.js:549:17)
    at processTimers (internal/timers.js:492:7) {
  name: 'MongoError',
  message: 'failed to reconnect after 30 attempts with interval 1000 ms'
}
A new connection was made by a client.
getUserInfo cookies values ::  [Object: null prototype] {}
::1 - - [26/Aug/2021:12:15:29 +0000] "POST /api/getUserInfo/ HTTP/1.1" - - "http://localhost:4200/" "Mozilla/5.0 (Macintosh; Intel Mac OS X 10_15_7) AppleWebKit/537.36 (KHTML, like Gecko) Chrome/92.0.4515.159 Safari/537.36"
A new connection was made by a client.
REQ==1111 1222-----> [Object: null prototype] {
  email: 'gm.art.production@mpslimited.com',
  password: 'gm@remote'
}
REQ==2222 2--------> [Object: null prototype] {
  email: 'gm.art.production@mpslimited.com',
  password: 'gm@remote'
}
::1 - - [26/Aug/2021:12:25:29 +0000] "POST /api/login HTTP/1.1" 404 56 "http://localhost:4200/" "Mozilla/5.0 (Macintosh; Intel Mac OS X 10_15_7) AppleWebKit/537.36 (KHTML, like Gecko) Chrome/92.0.4515.159 Safari/537.36"
Mongoose disconnected
(node:14053) DeprecationWarning: `open()` is deprecated in mongoose >= 4.11.0, use `openUri()` instead, or set the `useMongoClient` option if using `connect()` or `createConnection()`. See http://mongoosejs.com/docs/4.x/docs/connections.html#use-mongo-client
Mongoose connected to mongodb://mpst:HBjgmdT649(T2@10.31.1.143:27017/mpsdb
db Connected successfully
A new connection was made by a client.
REQ==1111 1222-----> [Object: null prototype] {
  email: 'gm.art.production@mpslimited.com',
  password: 'gm@remote'
}
REQ==2222 2--------> [Object: null prototype] {
  email: 'gm.art.production@mpslimited.com',
  password: 'gm@remote'
}
::1 - - [26/Aug/2021:12:25:50 +0000] "POST /api/login HTTP/1.1" 200 460 "http://localhost:4200/" "Mozilla/5.0 (Macintosh; Intel Mac OS X 10_15_7) AppleWebKit/537.36 (KHTML, like Gecko) Chrome/92.0.4515.159 Safari/537.36"
::1 - - [26/Aug/2021:12:25:50 +0000] "OPTIONS /api/artloginit/ HTTP/1.1" 204 0 "http://localhost:4200/" "Mozilla/5.0 (Macintosh; Intel Mac OS X 10_15_7) AppleWebKit/537.36 (KHTML, like Gecko) Chrome/92.0.4515.159 Safari/537.36"
---------------artloginit:---------- 
A new connection was made by a client.
::1 - - [26/Aug/2021:12:25:51 +0000] "OPTIONS /api/artlogdata/ HTTP/1.1" 204 0 "http://localhost:4200/" "Mozilla/5.0 (Macintosh; Intel Mac OS X 10_15_7) AppleWebKit/537.36 (KHTML, like Gecko) Chrome/92.0.4515.159 Safari/537.36"
req parameters : [Object: null prototype] {
  apiDatakey: 'artLogData',
  jobkey: '',
  grade: '',
  module: '',
  batch: '',
  workflow: '',
  curricula: '',
  status: 'Active',
  resTeam: '',
  added: '',
  fromPage: '0',
  toPage: '50',
  filters: ''
} 2021-08-26T12:25:51.031Z
Calling artlogdata Data sm $and [{"job_active_stage.status":{"$in":["Active","NeedsChanges"]}}]
Calling artlogdata Data sm 222 {"$and":[{"job_active_stage.status":{"$in":["Active","NeedsChanges"]}}]}
req.body.fromPage:--- 0
req.body.toPage:--- 50
 GCurriculaWIP   [
  {
    value: '0BA90096-1E7A-4E4C-9828383715745B3A',
    label: 'Eureka Math 1',
    name: 'eurekamath'
  },
  {
    value: '4F365339-BD96-4E83-97F86A27DBFD7AA1',
    label: 'Eureka Math 2',
    name: 'eurekamath2'
  },
  {
    value: 'B7AF8F2F-CE74-4978-856F7ECF865AE71D',
    label: 'Wit & Wisdom',
    name: 'witandwisdom'
  },
  {
    value: '3377679E-5291-4638-A44C78881962A9C3',
    label: 'Geodes Readable Library',
    name: 'readables'
  },
  {
    value: 'C28FBE2C-C8B5-42E1-B25E18B5DEB0C941',
    label: 'PhD Science',
    name: 'science'
  },
  {
    value: '0072657F-B29A-4830-8FCB61BE68F85216',
    label: 'Wit & Wisdom PD',
    name: 'witandwisdompd'
  },
  {
    value: 'E8A8723B-6142-42D3-861DADE4F2CB07A4',
    label: 'Science PD',
    name: 'sciencepd'
  },
  {
    value: 'C016F361-B3F3-400F-847E35F169DC318C',
    label: 'Geodes: A Readable Library PD',
    name: 'readablespd'
  },
  {
    value: 'f0fa2e67-ae6c-4d69-a3db-70a45f8f0121',
    label: 'EM1 TX Parent Tip Sheets',
    name: 'readablespd1'
  },
  {
    value: 'a5791568-f90b-4034-8a85-bd0a0c1adeeb',
    label: 'EM Big Search Project',
    name: 'readablespd3'
  },
  {
    value: 'abecc4a1-7ea6-4ed6-bc68-3eb6bbb9da65',
    label: 'Eureka Math 1 VA',
    name: 'em1math1va'
  },
  {
    value: 'a2557f46-eb8c-4372-acbb-8ec2d3f3f1be',
    label: 'Eureka Math 1 TX',
    name: 'em1ma1tx'
  },
  {
    value: '035d9f2a-7e6f-4d94-89f9-a641fdd58fd4',
    label: 'Eureka Math 1 Recovery',
    name: 'em1rec'
  },
  {
    value: '8dd93a94-9d9b-4bc1-9494-7e09ea7fdad9',
    label: 'WW LA Assessment',
    name: 'wlassess'
  },
  {
    value: '5dce69c9-1ee3-45cb-b350-af0123b4c32e',
    label: 'Wit & Wisdom 2',
    name: 'wandw2'
  },
  {
    value: '3e09b3e0-598c-436e-a3ff-602e9e4a605d',
    label: 'PhD Science TX Y2',
    name: 'phsctxy2'
  },
  {
    value: '021e7fc2-0f56-4a3f-9832-671bf5bb93c1',
    label: 'Eureka Math 2 Digital',
    name: 'em2digital'
  },
  {
    value: '2ae409f0-62ae-44a1-8427-6bb10c382e0b',
    label: 'Eureka Math 2 Benchmark',
    name: 'em2bech'
  },
  {
    value: '409697a8-8217-4152-8683-807ca058331c',
    label: 'EM2 Projected B',
    name: 'em2projb'
  },
  {
    value: 'fa3c3bab-68a5-4628-b261-5b488a205db9',
    label: 'EM2 Projected',
    name: 'em2project'
  },
  {
    value: '659a9cfe-16a1-44d2-96b6-2b05ad416770',
    label: 'EM2 Print Alternative',
    name: 'em2printalert'
  },
  {
    value: '3b9aa8d6-d011-4d64-add2-4e309fa16825',
    label: 'EM2 PK & TK',
    name: 'em2pktk'
  },
  {
    value: '447e03f0-11ce-474e-a658-11e9bd746611',
    label: 'EM2 On My Own',
    name: 'em2onmyown'
  },
  {
    value: '84a710a7-c445-41bc-8ca2-454df65d1f7e',
    label: 'EM2 Integrated',
    name: 'em2integ'
  },
  {
    value: '123708b7-594d-4d00-ac7e-5d1b6badd2da',
    label: 'EM2 High School',
    name: 'em2highshool'
  },
  {
    value: 'f0706ad0-1fe8-4df4-aa5c-9b0426078824',
    label: 'EM2 Equip',
    name: 'em2eqip'
  },
  {
    value: '58313889-72f4-4f0f-af0b-5150af0345db',
    label: 'EM2 Accelerated Pathways',
    name: 'em2asspath'
  },
  {
    value: '6bd16d29-42b6-4a76-8b60-fb02d9539bde',
    label: 'EM2 Accelerated',
    name: 'em2accl'
  }
]
::1 - - [26/Aug/2021:12:25:51 +0000] "POST /api/artloginit/ HTTP/1.1" 200 7235 "http://localhost:4200/" "Mozilla/5.0 (Macintosh; Intel Mac OS X 10_15_7) AppleWebKit/537.36 (KHTML, like Gecko) Chrome/92.0.4515.159 Safari/537.36"
::1 - - [26/Aug/2021:12:25:53 +0000] "POST /api/artlogdata/ HTTP/1.1" 200 504915 "http://localhost:4200/" "Mozilla/5.0 (Macintosh; Intel Mac OS X 10_15_7) AppleWebKit/537.36 (KHTML, like Gecko) Chrome/92.0.4515.159 Safari/537.36"
A new connection was made by a client.
::1 - - [26/Aug/2021:12:26:13 +0000] "OPTIONS /api/artlogdata/ HTTP/1.1" 204 0 "http://localhost:4200/" "Mozilla/5.0 (Macintosh; Intel Mac OS X 10_15_7) AppleWebKit/537.36 (KHTML, like Gecko) Chrome/92.0.4515.159 Safari/537.36"
req parameters : [Object: null prototype] {
  apiDatakey: 'artLogData',
  jobkey: '',
  grade: '706c4c9855884e3cbc4aadb28255e6a8,b795cf512398444db77ba09d549b4d95,eb8495e074394c5d880032b5bf8df5d7,2a2b5018fe3e441dbe140e7a0483a4ec,becc73b9714447fca4c7d968bd152308,50e5dcd8ca9d40e296f9a04b9080aa3d,3084d28b4e234e05a2aaaf327877689a,321f87dc6a474894854bb033e5f14a03,bb856c89034c4a87b83a9587645422bd,90014f12e23e4195adb7c51d45170630,4af7ad72d5b24232ac6b573a26984878,91d1b2f867d243edb8fa93cc1e3bc621,a098d8ec4ea94dd5b251ad861a10bb87,c5b5cabb1e1c485f9d3f62cb0a972109,7240c32bded14ee18998abedafb7fdfb',
  module: '',
  batch: '',
  workflow: '',
  curricula: '4F365339-BD96-4E83-97F86A27DBFD7AA1',
  status: '',
  resTeam: '',
  added: '',
  fromPage: '0',
  toPage: '50',
  filters: ''
} 2021-08-26T12:26:13.969Z
Calling artlogdata Data sm $and [{"jobMetaproperties.c0ac0a86e65f4f7ebd88dbd7e77965ef":{"$in":["706c4c9855884e3cbc4aadb28255e6a8","b795cf512398444db77ba09d549b4d95","eb8495e074394c5d880032b5bf8df5d7","2a2b5018fe3e441dbe140e7a0483a4ec","becc73b9714447fca4c7d968bd152308","50e5dcd8ca9d40e296f9a04b9080aa3d","3084d28b4e234e05a2aaaf327877689a","321f87dc6a474894854bb033e5f14a03","bb856c89034c4a87b83a9587645422bd","90014f12e23e4195adb7c51d45170630","4af7ad72d5b24232ac6b573a26984878","91d1b2f867d243edb8fa93cc1e3bc621","a098d8ec4ea94dd5b251ad861a10bb87","c5b5cabb1e1c485f9d3f62cb0a972109","7240c32bded14ee18998abedafb7fdfb"]}},{"jobMetaproperties.0790cd4f2aed4ce0a315ff8034a43994":"4F365339-BD96-4E83-97F86A27DBFD7AA1"},{"job_active_stage.status":{"$in":["NeedsChanges"]}}]
Calling artlogdata Data sm 222 {"$and":[{"jobMetaproperties.c0ac0a86e65f4f7ebd88dbd7e77965ef":{"$in":["706c4c9855884e3cbc4aadb28255e6a8","b795cf512398444db77ba09d549b4d95","eb8495e074394c5d880032b5bf8df5d7","2a2b5018fe3e441dbe140e7a0483a4ec","becc73b9714447fca4c7d968bd152308","50e5dcd8ca9d40e296f9a04b9080aa3d","3084d28b4e234e05a2aaaf327877689a","321f87dc6a474894854bb033e5f14a03","bb856c89034c4a87b83a9587645422bd","90014f12e23e4195adb7c51d45170630","4af7ad72d5b24232ac6b573a26984878","91d1b2f867d243edb8fa93cc1e3bc621","a098d8ec4ea94dd5b251ad861a10bb87","c5b5cabb1e1c485f9d3f62cb0a972109","7240c32bded14ee18998abedafb7fdfb"]}},{"jobMetaproperties.0790cd4f2aed4ce0a315ff8034a43994":"4F365339-BD96-4E83-97F86A27DBFD7AA1"},{"job_active_stage.status":{"$in":["NeedsChanges"]}}]}
req.body.fromPage:--- 0
req.body.toPage:--- 50
::1 - - [26/Aug/2021:12:26:17 +0000] "POST /api/artlogdata/ HTTP/1.1" 200 564502 "http://localhost:4200/" "Mozilla/5.0 (Macintosh; Intel Mac OS X 10_15_7) AppleWebKit/537.36 (KHTML, like Gecko) Chrome/92.0.4515.159 Safari/537.36"
A new connection was made by a client.
::1 - - [26/Aug/2021:12:26:33 +0000] "OPTIONS /api/artlogdata/ HTTP/1.1" 204 0 "http://localhost:4200/" "Mozilla/5.0 (Macintosh; Intel Mac OS X 10_15_7) AppleWebKit/537.36 (KHTML, like Gecko) Chrome/92.0.4515.159 Safari/537.36"
req parameters : [Object: null prototype] {
  apiDatakey: 'artLogData',
  jobkey: '',
  grade: '706c4c9855884e3cbc4aadb28255e6a8,b795cf512398444db77ba09d549b4d95,2a2b5018fe3e441dbe140e7a0483a4ec,eb8495e074394c5d880032b5bf8df5d7,becc73b9714447fca4c7d968bd152308',
  module: '',
  batch: '',
  workflow: '',
  curricula: '4F365339-BD96-4E83-97F86A27DBFD7AA1',
  status: '',
  resTeam: '',
  added: '',
  fromPage: '0',
  toPage: '50',
  filters: ''
} 2021-08-26T12:26:33.261Z
Calling artlogdata Data sm $and [{"jobMetaproperties.c0ac0a86e65f4f7ebd88dbd7e77965ef":{"$in":["706c4c9855884e3cbc4aadb28255e6a8","b795cf512398444db77ba09d549b4d95","2a2b5018fe3e441dbe140e7a0483a4ec","eb8495e074394c5d880032b5bf8df5d7","becc73b9714447fca4c7d968bd152308"]}},{"jobMetaproperties.0790cd4f2aed4ce0a315ff8034a43994":"4F365339-BD96-4E83-97F86A27DBFD7AA1"},{"job_active_stage.status":{"$in":["NeedsChanges"]}}]
Calling artlogdata Data sm 222 {"$and":[{"jobMetaproperties.c0ac0a86e65f4f7ebd88dbd7e77965ef":{"$in":["706c4c9855884e3cbc4aadb28255e6a8","b795cf512398444db77ba09d549b4d95","2a2b5018fe3e441dbe140e7a0483a4ec","eb8495e074394c5d880032b5bf8df5d7","becc73b9714447fca4c7d968bd152308"]}},{"jobMetaproperties.0790cd4f2aed4ce0a315ff8034a43994":"4F365339-BD96-4E83-97F86A27DBFD7AA1"},{"job_active_stage.status":{"$in":["NeedsChanges"]}}]}
req.body.fromPage:--- 0
req.body.toPage:--- 50
::1 - - [26/Aug/2021:12:26:35 +0000] "POST /api/artlogdata/ HTTP/1.1" 200 571596 "http://localhost:4200/" "Mozilla/5.0 (Macintosh; Intel Mac OS X 10_15_7) AppleWebKit/537.36 (KHTML, like Gecko) Chrome/92.0.4515.159 Safari/537.36"
A new connection was made by a client.
::1 - - [26/Aug/2021:12:27:08 +0000] "OPTIONS /api/artlogdata/ HTTP/1.1" 204 0 "http://localhost:4200/" "Mozilla/5.0 (Macintosh; Intel Mac OS X 10_15_7) AppleWebKit/537.36 (KHTML, like Gecko) Chrome/92.0.4515.159 Safari/537.36"
req parameters : [Object: null prototype] {
  apiDatakey: 'artLogData',
  jobkey: '',
  grade: 'becc73b9714447fca4c7d968bd152308,50e5dcd8ca9d40e296f9a04b9080aa3d',
  module: '',
  batch: '',
  workflow: '',
  curricula: '4F365339-BD96-4E83-97F86A27DBFD7AA1',
  status: '',
  resTeam: '',
  added: '',
  fromPage: '0',
  toPage: '50',
  filters: ''
} 2021-08-26T12:27:08.854Z
Calling artlogdata Data sm $and [{"jobMetaproperties.c0ac0a86e65f4f7ebd88dbd7e77965ef":{"$in":["becc73b9714447fca4c7d968bd152308","50e5dcd8ca9d40e296f9a04b9080aa3d"]}},{"jobMetaproperties.0790cd4f2aed4ce0a315ff8034a43994":"4F365339-BD96-4E83-97F86A27DBFD7AA1"},{"job_active_stage.status":{"$in":["NeedsChanges"]}}]
Calling artlogdata Data sm 222 {"$and":[{"jobMetaproperties.c0ac0a86e65f4f7ebd88dbd7e77965ef":{"$in":["becc73b9714447fca4c7d968bd152308","50e5dcd8ca9d40e296f9a04b9080aa3d"]}},{"jobMetaproperties.0790cd4f2aed4ce0a315ff8034a43994":"4F365339-BD96-4E83-97F86A27DBFD7AA1"},{"job_active_stage.status":{"$in":["NeedsChanges"]}}]}
req.body.fromPage:--- 0
req.body.toPage:--- 50
::1 - - [26/Aug/2021:12:27:11 +0000] "POST /api/artlogdata/ HTTP/1.1" 200 569790 "http://localhost:4200/" "Mozilla/5.0 (Macintosh; Intel Mac OS X 10_15_7) AppleWebKit/537.36 (KHTML, like Gecko) Chrome/92.0.4515.159 Safari/537.36"
A new connection was made by a client.
::1 - - [26/Aug/2021:12:28:58 +0000] "OPTIONS /api/artlogdata/ HTTP/1.1" 204 0 "http://localhost:4200/" "Mozilla/5.0 (Macintosh; Intel Mac OS X 10_15_7) AppleWebKit/537.36 (KHTML, like Gecko) Chrome/92.0.4515.159 Safari/537.36"
req parameters : [Object: null prototype] {
  apiDatakey: 'artLogData',
  jobkey: '',
  grade: 'becc73b9714447fca4c7d968bd152308,50e5dcd8ca9d40e296f9a04b9080aa3d',
  module: 'e6a558fb62ee4a5d9ef76162fbcd3307,1ad1d8c3338041afbae7d044eb218d3a,a25963cc0622453eba22c52015960f94',
  batch: '',
  workflow: '',
  curricula: '4F365339-BD96-4E83-97F86A27DBFD7AA1',
  status: '',
  resTeam: '',
  added: '',
  fromPage: '0',
  toPage: '50',
  filters: ''
} 2021-08-26T12:28:58.487Z
Calling artlogdata Data sm $and [{"jobMetaproperties.c0ac0a86e65f4f7ebd88dbd7e77965ef":{"$in":["becc73b9714447fca4c7d968bd152308","50e5dcd8ca9d40e296f9a04b9080aa3d"]}},{"$or":[{"jobMetaproperties.7388493928bc4a9aa57ca65306ed1579":{"$in":["e6a558fb62ee4a5d9ef76162fbcd3307","1ad1d8c3338041afbae7d044eb218d3a","a25963cc0622453eba22c52015960f94"]}}]},{"module":"e6a558fb62ee4a5d9ef76162fbcd3307,1ad1d8c3338041afbae7d044eb218d3a,a25963cc0622453eba22c52015960f94"},{"jobMetaproperties.0790cd4f2aed4ce0a315ff8034a43994":"4F365339-BD96-4E83-97F86A27DBFD7AA1"},{"job_active_stage.status":{"$in":["NeedsChanges"]}}]
Calling artlogdata Data sm 222 {"$and":[{"jobMetaproperties.c0ac0a86e65f4f7ebd88dbd7e77965ef":{"$in":["becc73b9714447fca4c7d968bd152308","50e5dcd8ca9d40e296f9a04b9080aa3d"]}},{"$or":[{"jobMetaproperties.7388493928bc4a9aa57ca65306ed1579":{"$in":["e6a558fb62ee4a5d9ef76162fbcd3307","1ad1d8c3338041afbae7d044eb218d3a","a25963cc0622453eba22c52015960f94"]}}]},{"module":"e6a558fb62ee4a5d9ef76162fbcd3307,1ad1d8c3338041afbae7d044eb218d3a,a25963cc0622453eba22c52015960f94"},{"jobMetaproperties.0790cd4f2aed4ce0a315ff8034a43994":"4F365339-BD96-4E83-97F86A27DBFD7AA1"},{"job_active_stage.status":{"$in":["NeedsChanges"]}}]}
req.body.fromPage:--- 0
req.body.toPage:--- 50
::1 - - [26/Aug/2021:12:28:59 +0000] "POST /api/artlogdata/ HTTP/1.1" 200 403 "http://localhost:4200/" "Mozilla/5.0 (Macintosh; Intel Mac OS X 10_15_7) AppleWebKit/537.36 (KHTML, like Gecko) Chrome/92.0.4515.159 Safari/537.36"
A new connection was made by a client.
::1 - - [26/Aug/2021:12:29:06 +0000] "OPTIONS /api/artlogdata/ HTTP/1.1" 204 0 "http://localhost:4200/" "Mozilla/5.0 (Macintosh; Intel Mac OS X 10_15_7) AppleWebKit/537.36 (KHTML, like Gecko) Chrome/92.0.4515.159 Safari/537.36"
req parameters : [Object: null prototype] {
  apiDatakey: 'artLogData',
  jobkey: '',
  grade: '706c4c9855884e3cbc4aadb28255e6a8,b795cf512398444db77ba09d549b4d95,eb8495e074394c5d880032b5bf8df5d7,2a2b5018fe3e441dbe140e7a0483a4ec,becc73b9714447fca4c7d968bd152308,50e5dcd8ca9d40e296f9a04b9080aa3d,3084d28b4e234e05a2aaaf327877689a,321f87dc6a474894854bb033e5f14a03,bb856c89034c4a87b83a9587645422bd,90014f12e23e4195adb7c51d45170630,4af7ad72d5b24232ac6b573a26984878,91d1b2f867d243edb8fa93cc1e3bc621,a098d8ec4ea94dd5b251ad861a10bb87,c5b5cabb1e1c485f9d3f62cb0a972109,7240c32bded14ee18998abedafb7fdfb',
  module: 'e6a558fb62ee4a5d9ef76162fbcd3307,1ad1d8c3338041afbae7d044eb218d3a,a25963cc0622453eba22c52015960f94',
  batch: '',
  workflow: '',
  curricula: '4F365339-BD96-4E83-97F86A27DBFD7AA1',
  status: '',
  resTeam: '',
  added: '',
  fromPage: '0',
  toPage: '50',
  filters: ''
} 2021-08-26T12:29:06.923Z
Calling artlogdata Data sm $and [{"jobMetaproperties.c0ac0a86e65f4f7ebd88dbd7e77965ef":{"$in":["706c4c9855884e3cbc4aadb28255e6a8","b795cf512398444db77ba09d549b4d95","eb8495e074394c5d880032b5bf8df5d7","2a2b5018fe3e441dbe140e7a0483a4ec","becc73b9714447fca4c7d968bd152308","50e5dcd8ca9d40e296f9a04b9080aa3d","3084d28b4e234e05a2aaaf327877689a","321f87dc6a474894854bb033e5f14a03","bb856c89034c4a87b83a9587645422bd","90014f12e23e4195adb7c51d45170630","4af7ad72d5b24232ac6b573a26984878","91d1b2f867d243edb8fa93cc1e3bc621","a098d8ec4ea94dd5b251ad861a10bb87","c5b5cabb1e1c485f9d3f62cb0a972109","7240c32bded14ee18998abedafb7fdfb"]}},{"$or":[{"jobMetaproperties.7388493928bc4a9aa57ca65306ed1579":{"$in":["e6a558fb62ee4a5d9ef76162fbcd3307","1ad1d8c3338041afbae7d044eb218d3a","a25963cc0622453eba22c52015960f94"]}}]},{"module":"e6a558fb62ee4a5d9ef76162fbcd3307,1ad1d8c3338041afbae7d044eb218d3a,a25963cc0622453eba22c52015960f94"},{"jobMetaproperties.0790cd4f2aed4ce0a315ff8034a43994":"4F365339-BD96-4E83-97F86A27DBFD7AA1"},{"job_active_stage.status":{"$in":["NeedsChanges"]}}]
Calling artlogdata Data sm 222 {"$and":[{"jobMetaproperties.c0ac0a86e65f4f7ebd88dbd7e77965ef":{"$in":["706c4c9855884e3cbc4aadb28255e6a8","b795cf512398444db77ba09d549b4d95","eb8495e074394c5d880032b5bf8df5d7","2a2b5018fe3e441dbe140e7a0483a4ec","becc73b9714447fca4c7d968bd152308","50e5dcd8ca9d40e296f9a04b9080aa3d","3084d28b4e234e05a2aaaf327877689a","321f87dc6a474894854bb033e5f14a03","bb856c89034c4a87b83a9587645422bd","90014f12e23e4195adb7c51d45170630","4af7ad72d5b24232ac6b573a26984878","91d1b2f867d243edb8fa93cc1e3bc621","a098d8ec4ea94dd5b251ad861a10bb87","c5b5cabb1e1c485f9d3f62cb0a972109","7240c32bded14ee18998abedafb7fdfb"]}},{"$or":[{"jobMetaproperties.7388493928bc4a9aa57ca65306ed1579":{"$in":["e6a558fb62ee4a5d9ef76162fbcd3307","1ad1d8c3338041afbae7d044eb218d3a","a25963cc0622453eba22c52015960f94"]}}]},{"module":"e6a558fb62ee4a5d9ef76162fbcd3307,1ad1d8c3338041afbae7d044eb218d3a,a25963cc0622453eba22c52015960f94"},{"jobMetaproperties.0790cd4f2aed4ce0a315ff8034a43994":"4F365339-BD96-4E83-97F86A27DBFD7AA1"},{"job_active_stage.status":{"$in":["NeedsChanges"]}}]}
req.body.fromPage:--- 0
req.body.toPage:--- 50
::1 - - [26/Aug/2021:12:29:07 +0000] "POST /api/artlogdata/ HTTP/1.1" 200 403 "http://localhost:4200/" "Mozilla/5.0 (Macintosh; Intel Mac OS X 10_15_7) AppleWebKit/537.36 (KHTML, like Gecko) Chrome/92.0.4515.159 Safari/537.36"
A new connection was made by a client.
::1 - - [26/Aug/2021:12:29:16 +0000] "OPTIONS /api/artlogdata/ HTTP/1.1" 204 0 "http://localhost:4200/" "Mozilla/5.0 (Macintosh; Intel Mac OS X 10_15_7) AppleWebKit/537.36 (KHTML, like Gecko) Chrome/92.0.4515.159 Safari/537.36"
req parameters : [Object: null prototype] {
  apiDatakey: 'artLogData',
  jobkey: '',
  grade: '706c4c9855884e3cbc4aadb28255e6a8,b795cf512398444db77ba09d549b4d95,eb8495e074394c5d880032b5bf8df5d7,2a2b5018fe3e441dbe140e7a0483a4ec,becc73b9714447fca4c7d968bd152308,50e5dcd8ca9d40e296f9a04b9080aa3d,3084d28b4e234e05a2aaaf327877689a,321f87dc6a474894854bb033e5f14a03,bb856c89034c4a87b83a9587645422bd,90014f12e23e4195adb7c51d45170630,4af7ad72d5b24232ac6b573a26984878,91d1b2f867d243edb8fa93cc1e3bc621,a098d8ec4ea94dd5b251ad861a10bb87,c5b5cabb1e1c485f9d3f62cb0a972109,7240c32bded14ee18998abedafb7fdfb',
  module: 'e6a558fb62ee4a5d9ef76162fbcd3307,1ad1d8c3338041afbae7d044eb218d3a,a25963cc0622453eba22c52015960f94,21de65fb16e24d059676e54b52fa0e22,0feb315dbaed4d6ca350b29ca30a1261',
  batch: '',
  workflow: '',
  curricula: '4F365339-BD96-4E83-97F86A27DBFD7AA1',
  status: '',
  resTeam: '',
  added: '',
  fromPage: '0',
  toPage: '50',
  filters: ''
} 2021-08-26T12:29:16.980Z
Calling artlogdata Data sm $and [{"jobMetaproperties.c0ac0a86e65f4f7ebd88dbd7e77965ef":{"$in":["706c4c9855884e3cbc4aadb28255e6a8","b795cf512398444db77ba09d549b4d95","eb8495e074394c5d880032b5bf8df5d7","2a2b5018fe3e441dbe140e7a0483a4ec","becc73b9714447fca4c7d968bd152308","50e5dcd8ca9d40e296f9a04b9080aa3d","3084d28b4e234e05a2aaaf327877689a","321f87dc6a474894854bb033e5f14a03","bb856c89034c4a87b83a9587645422bd","90014f12e23e4195adb7c51d45170630","4af7ad72d5b24232ac6b573a26984878","91d1b2f867d243edb8fa93cc1e3bc621","a098d8ec4ea94dd5b251ad861a10bb87","c5b5cabb1e1c485f9d3f62cb0a972109","7240c32bded14ee18998abedafb7fdfb"]}},{"$or":[{"jobMetaproperties.7388493928bc4a9aa57ca65306ed1579":{"$in":["e6a558fb62ee4a5d9ef76162fbcd3307","1ad1d8c3338041afbae7d044eb218d3a","a25963cc0622453eba22c52015960f94","21de65fb16e24d059676e54b52fa0e22","0feb315dbaed4d6ca350b29ca30a1261"]}}]},{"module":"e6a558fb62ee4a5d9ef76162fbcd3307,1ad1d8c3338041afbae7d044eb218d3a,a25963cc0622453eba22c52015960f94,21de65fb16e24d059676e54b52fa0e22,0feb315dbaed4d6ca350b29ca30a1261"},{"jobMetaproperties.0790cd4f2aed4ce0a315ff8034a43994":"4F365339-BD96-4E83-97F86A27DBFD7AA1"},{"job_active_stage.status":{"$in":["NeedsChanges"]}}]
Calling artlogdata Data sm 222 {"$and":[{"jobMetaproperties.c0ac0a86e65f4f7ebd88dbd7e77965ef":{"$in":["706c4c9855884e3cbc4aadb28255e6a8","b795cf512398444db77ba09d549b4d95","eb8495e074394c5d880032b5bf8df5d7","2a2b5018fe3e441dbe140e7a0483a4ec","becc73b9714447fca4c7d968bd152308","50e5dcd8ca9d40e296f9a04b9080aa3d","3084d28b4e234e05a2aaaf327877689a","321f87dc6a474894854bb033e5f14a03","bb856c89034c4a87b83a9587645422bd","90014f12e23e4195adb7c51d45170630","4af7ad72d5b24232ac6b573a26984878","91d1b2f867d243edb8fa93cc1e3bc621","a098d8ec4ea94dd5b251ad861a10bb87","c5b5cabb1e1c485f9d3f62cb0a972109","7240c32bded14ee18998abedafb7fdfb"]}},{"$or":[{"jobMetaproperties.7388493928bc4a9aa57ca65306ed1579":{"$in":["e6a558fb62ee4a5d9ef76162fbcd3307","1ad1d8c3338041afbae7d044eb218d3a","a25963cc0622453eba22c52015960f94","21de65fb16e24d059676e54b52fa0e22","0feb315dbaed4d6ca350b29ca30a1261"]}}]},{"module":"e6a558fb62ee4a5d9ef76162fbcd3307,1ad1d8c3338041afbae7d044eb218d3a,a25963cc0622453eba22c52015960f94,21de65fb16e24d059676e54b52fa0e22,0feb315dbaed4d6ca350b29ca30a1261"},{"jobMetaproperties.0790cd4f2aed4ce0a315ff8034a43994":"4F365339-BD96-4E83-97F86A27DBFD7AA1"},{"job_active_stage.status":{"$in":["NeedsChanges"]}}]}
req.body.fromPage:--- 0
req.body.toPage:--- 50
::1 - - [26/Aug/2021:12:29:17 +0000] "POST /api/artlogdata/ HTTP/1.1" 200 403 "http://localhost:4200/" "Mozilla/5.0 (Macintosh; Intel Mac OS X 10_15_7) AppleWebKit/537.36 (KHTML, like Gecko) Chrome/92.0.4515.159 Safari/537.36"
A new connection was made by a client.
::1 - - [26/Aug/2021:12:29:32 +0000] "OPTIONS /api/artlogdata/ HTTP/1.1" 204 0 "http://localhost:4200/" "Mozilla/5.0 (Macintosh; Intel Mac OS X 10_15_7) AppleWebKit/537.36 (KHTML, like Gecko) Chrome/92.0.4515.159 Safari/537.36"
req parameters : [Object: null prototype] {
  apiDatakey: 'artLogData',
  jobkey: '',
  grade: '706c4c9855884e3cbc4aadb28255e6a8,b795cf512398444db77ba09d549b4d95,eb8495e074394c5d880032b5bf8df5d7,2a2b5018fe3e441dbe140e7a0483a4ec,becc73b9714447fca4c7d968bd152308,50e5dcd8ca9d40e296f9a04b9080aa3d,3084d28b4e234e05a2aaaf327877689a,321f87dc6a474894854bb033e5f14a03,bb856c89034c4a87b83a9587645422bd,90014f12e23e4195adb7c51d45170630,4af7ad72d5b24232ac6b573a26984878,91d1b2f867d243edb8fa93cc1e3bc621,a098d8ec4ea94dd5b251ad861a10bb87,c5b5cabb1e1c485f9d3f62cb0a972109,7240c32bded14ee18998abedafb7fdfb',
  module: 'e6a558fb62ee4a5d9ef76162fbcd3307,1ad1d8c3338041afbae7d044eb218d3a,a25963cc0622453eba22c52015960f94,21de65fb16e24d059676e54b52fa0e22,0feb315dbaed4d6ca350b29ca30a1261',
  batch: '',
  workflow: '',
  curricula: '4F365339-BD96-4E83-97F86A27DBFD7AA1',
  status: '',
  resTeam: '',
  added: '',
  fromPage: '0',
  toPage: '50',
  filters: ''
} 2021-08-26T12:29:32.751Z
Calling artlogdata Data sm $and [{"jobMetaproperties.c0ac0a86e65f4f7ebd88dbd7e77965ef":{"$in":["706c4c9855884e3cbc4aadb28255e6a8","b795cf512398444db77ba09d549b4d95","eb8495e074394c5d880032b5bf8df5d7","2a2b5018fe3e441dbe140e7a0483a4ec","becc73b9714447fca4c7d968bd152308","50e5dcd8ca9d40e296f9a04b9080aa3d","3084d28b4e234e05a2aaaf327877689a","321f87dc6a474894854bb033e5f14a03","bb856c89034c4a87b83a9587645422bd","90014f12e23e4195adb7c51d45170630","4af7ad72d5b24232ac6b573a26984878","91d1b2f867d243edb8fa93cc1e3bc621","a098d8ec4ea94dd5b251ad861a10bb87","c5b5cabb1e1c485f9d3f62cb0a972109","7240c32bded14ee18998abedafb7fdfb"]}},{"$or":[{"jobMetaproperties.7388493928bc4a9aa57ca65306ed1579":{"$in":["e6a558fb62ee4a5d9ef76162fbcd3307","1ad1d8c3338041afbae7d044eb218d3a","a25963cc0622453eba22c52015960f94","21de65fb16e24d059676e54b52fa0e22","0feb315dbaed4d6ca350b29ca30a1261"]}}]},{"module":"e6a558fb62ee4a5d9ef76162fbcd3307,1ad1d8c3338041afbae7d044eb218d3a,a25963cc0622453eba22c52015960f94,21de65fb16e24d059676e54b52fa0e22,0feb315dbaed4d6ca350b29ca30a1261"},{"jobMetaproperties.0790cd4f2aed4ce0a315ff8034a43994":"4F365339-BD96-4E83-97F86A27DBFD7AA1"},{"job_active_stage.status":{"$in":["NeedsChanges"]}}]
Calling artlogdata Data sm 222 {"$and":[{"jobMetaproperties.c0ac0a86e65f4f7ebd88dbd7e77965ef":{"$in":["706c4c9855884e3cbc4aadb28255e6a8","b795cf512398444db77ba09d549b4d95","eb8495e074394c5d880032b5bf8df5d7","2a2b5018fe3e441dbe140e7a0483a4ec","becc73b9714447fca4c7d968bd152308","50e5dcd8ca9d40e296f9a04b9080aa3d","3084d28b4e234e05a2aaaf327877689a","321f87dc6a474894854bb033e5f14a03","bb856c89034c4a87b83a9587645422bd","90014f12e23e4195adb7c51d45170630","4af7ad72d5b24232ac6b573a26984878","91d1b2f867d243edb8fa93cc1e3bc621","a098d8ec4ea94dd5b251ad861a10bb87","c5b5cabb1e1c485f9d3f62cb0a972109","7240c32bded14ee18998abedafb7fdfb"]}},{"$or":[{"jobMetaproperties.7388493928bc4a9aa57ca65306ed1579":{"$in":["e6a558fb62ee4a5d9ef76162fbcd3307","1ad1d8c3338041afbae7d044eb218d3a","a25963cc0622453eba22c52015960f94","21de65fb16e24d059676e54b52fa0e22","0feb315dbaed4d6ca350b29ca30a1261"]}}]},{"module":"e6a558fb62ee4a5d9ef76162fbcd3307,1ad1d8c3338041afbae7d044eb218d3a,a25963cc0622453eba22c52015960f94,21de65fb16e24d059676e54b52fa0e22,0feb315dbaed4d6ca350b29ca30a1261"},{"jobMetaproperties.0790cd4f2aed4ce0a315ff8034a43994":"4F365339-BD96-4E83-97F86A27DBFD7AA1"},{"job_active_stage.status":{"$in":["NeedsChanges"]}}]}
req.body.fromPage:--- 0
req.body.toPage:--- 50
::1 - - [26/Aug/2021:12:29:33 +0000] "POST /api/artlogdata/ HTTP/1.1" 200 403 "http://localhost:4200/" "Mozilla/5.0 (Macintosh; Intel Mac OS X 10_15_7) AppleWebKit/537.36 (KHTML, like Gecko) Chrome/92.0.4515.159 Safari/537.36"
A new connection was made by a client.
::1 - - [26/Aug/2021:12:44:01 +0000] "OPTIONS /api/artloginit/ HTTP/1.1" 204 0 "http://localhost:4200/" "Mozilla/5.0 (Macintosh; Intel Mac OS X 10_15_7) AppleWebKit/537.36 (KHTML, like Gecko) Chrome/92.0.4515.159 Safari/537.36"
---------------artloginit:---------- 
A new connection was made by a client.
::1 - - [26/Aug/2021:12:44:01 +0000] "OPTIONS /api/artlogdata/ HTTP/1.1" 204 0 "http://localhost:4200/" "Mozilla/5.0 (Macintosh; Intel Mac OS X 10_15_7) AppleWebKit/537.36 (KHTML, like Gecko) Chrome/92.0.4515.159 Safari/537.36"
req parameters : [Object: null prototype] {
  apiDatakey: 'artLogData',
  jobkey: '',
  grade: '',
  module: '',
  batch: '',
  workflow: '',
  curricula: '',
  status: 'Active',
  resTeam: '',
  added: '',
  fromPage: '0',
  toPage: '50',
  filters: ''
} 2021-08-26T12:44:01.439Z
Calling artlogdata Data sm $and [{"job_active_stage.status":{"$in":["Active","NeedsChanges"]}}]
Calling artlogdata Data sm 222 {"$and":[{"job_active_stage.status":{"$in":["Active","NeedsChanges"]}}]}
req.body.fromPage:--- 0
req.body.toPage:--- 50
Error in finder ERROR: Error: read ETIMEDOUT
    at TCP.onStreamRead (internal/stream_base_commons.js:205:27) {
  name: 'MongoError',
  message: 'read ETIMEDOUT'
}
Mongoose disconnected
Finding error from searchState:  Error: read ETIMEDOUT
    at TCP.onStreamRead (internal/stream_base_commons.js:205:27) {
  name: 'MongoError',
  message: 'read ETIMEDOUT'
}
::1 - - [27/Aug/2021:04:14:40 +0000] "POST /api/artloginit/ HTTP/1.1" - - "http://localhost:4200/" "Mozilla/5.0 (Macintosh; Intel Mac OS X 10_15_7) AppleWebKit/537.36 (KHTML, like Gecko) Chrome/92.0.4515.159 Safari/537.36"
A new connection was made by a client.
::1 - - [27/Aug/2021:04:14:40 +0000] "POST /api/artlogdata/ HTTP/1.1" - - "http://localhost:4200/" "Mozilla/5.0 (Macintosh; Intel Mac OS X 10_15_7) AppleWebKit/537.36 (KHTML, like Gecko) Chrome/92.0.4515.159 Safari/537.36"
A new connection was made by a client.
---------------artloginit:---------- 
req parameters : [Object: null prototype] {
  apiDatakey: 'artLogData',
  jobkey: '',
  grade: '',
  module: '',
  batch: '',
  workflow: '',
  curricula: '',
  status: 'Active',
  resTeam: '',
  added: '',
  fromPage: '0',
  toPage: '50',
  filters: ''
} 2021-08-27T04:14:40.834Z
Calling artlogdata Data sm $and [{"job_active_stage.status":{"$in":["Active","NeedsChanges"]}}]
Calling artlogdata Data sm 222 {"$and":[{"job_active_stage.status":{"$in":["Active","NeedsChanges"]}}]}
req.body.fromPage:--- 0
req.body.toPage:--- 50
Mongoose connected to mongodb://mpst:HBjgmdT649(T2@10.31.1.143:27017/mpsdb
 GCurriculaWIP   [
  {
    value: '0BA90096-1E7A-4E4C-9828383715745B3A',
    label: 'Eureka Math 1',
    name: 'eurekamath'
  },
  {
    value: '4F365339-BD96-4E83-97F86A27DBFD7AA1',
    label: 'Eureka Math 2',
    name: 'eurekamath2'
  },
  {
    value: 'B7AF8F2F-CE74-4978-856F7ECF865AE71D',
    label: 'Wit & Wisdom',
    name: 'witandwisdom'
  },
  {
    value: '3377679E-5291-4638-A44C78881962A9C3',
    label: 'Geodes Readable Library',
    name: 'readables'
  },
  {
    value: 'C28FBE2C-C8B5-42E1-B25E18B5DEB0C941',
    label: 'PhD Science',
    name: 'science'
  },
  {
    value: '0072657F-B29A-4830-8FCB61BE68F85216',
    label: 'Wit & Wisdom PD',
    name: 'witandwisdompd'
  },
  {
    value: 'E8A8723B-6142-42D3-861DADE4F2CB07A4',
    label: 'Science PD',
    name: 'sciencepd'
  },
  {
    value: 'C016F361-B3F3-400F-847E35F169DC318C',
    label: 'Geodes: A Readable Library PD',
    name: 'readablespd'
  },
  {
    value: 'f0fa2e67-ae6c-4d69-a3db-70a45f8f0121',
    label: 'EM1 TX Parent Tip Sheets',
    name: 'readablespd1'
  },
  {
    value: 'a5791568-f90b-4034-8a85-bd0a0c1adeeb',
    label: 'EM Big Search Project',
    name: 'readablespd3'
  },
  {
    value: 'abecc4a1-7ea6-4ed6-bc68-3eb6bbb9da65',
    label: 'Eureka Math 1 VA',
    name: 'em1math1va'
  },
  {
    value: 'a2557f46-eb8c-4372-acbb-8ec2d3f3f1be',
    label: 'Eureka Math 1 TX',
    name: 'em1ma1tx'
  },
  {
    value: '035d9f2a-7e6f-4d94-89f9-a641fdd58fd4',
    label: 'Eureka Math 1 Recovery',
    name: 'em1rec'
  },
  {
    value: '8dd93a94-9d9b-4bc1-9494-7e09ea7fdad9',
    label: 'WW LA Assessment',
    name: 'wlassess'
  },
  {
    value: '5dce69c9-1ee3-45cb-b350-af0123b4c32e',
    label: 'Wit & Wisdom 2',
    name: 'wandw2'
  },
  {
    value: '3e09b3e0-598c-436e-a3ff-602e9e4a605d',
    label: 'PhD Science TX Y2',
    name: 'phsctxy2'
  },
  {
    value: '021e7fc2-0f56-4a3f-9832-671bf5bb93c1',
    label: 'Eureka Math 2 Digital',
    name: 'em2digital'
  },
  {
    value: '2ae409f0-62ae-44a1-8427-6bb10c382e0b',
    label: 'Eureka Math 2 Benchmark',
    name: 'em2bech'
  },
  {
    value: '409697a8-8217-4152-8683-807ca058331c',
    label: 'EM2 Projected B',
    name: 'em2projb'
  },
  {
    value: 'fa3c3bab-68a5-4628-b261-5b488a205db9',
    label: 'EM2 Projected',
    name: 'em2project'
  },
  {
    value: '659a9cfe-16a1-44d2-96b6-2b05ad416770',
    label: 'EM2 Print Alternative',
    name: 'em2printalert'
  },
  {
    value: '3b9aa8d6-d011-4d64-add2-4e309fa16825',
    label: 'EM2 PK & TK',
    name: 'em2pktk'
  },
  {
    value: '447e03f0-11ce-474e-a658-11e9bd746611',
    label: 'EM2 On My Own',
    name: 'em2onmyown'
  },
  {
    value: '84a710a7-c445-41bc-8ca2-454df65d1f7e',
    label: 'EM2 Integrated',
    name: 'em2integ'
  },
  {
    value: '123708b7-594d-4d00-ac7e-5d1b6badd2da',
    label: 'EM2 High School',
    name: 'em2highshool'
  },
  {
    value: 'f0706ad0-1fe8-4df4-aa5c-9b0426078824',
    label: 'EM2 Equip',
    name: 'em2eqip'
  },
  {
    value: '58313889-72f4-4f0f-af0b-5150af0345db',
    label: 'EM2 Accelerated Pathways',
    name: 'em2asspath'
  },
  {
    value: '6bd16d29-42b6-4a76-8b60-fb02d9539bde',
    label: 'EM2 Accelerated',
    name: 'em2accl'
  }
]
::1 - - [27/Aug/2021:04:15:51 +0000] "POST /api/artloginit/ HTTP/1.1" 200 7235 "http://localhost:4200/" "Mozilla/5.0 (Macintosh; Intel Mac OS X 10_15_7) AppleWebKit/537.36 (KHTML, like Gecko) Chrome/92.0.4515.159 Safari/537.36"
::1 - - [27/Aug/2021:04:15:55 +0000] "POST /api/artlogdata/ HTTP/1.1" 200 504915 "http://localhost:4200/" "Mozilla/5.0 (Macintosh; Intel Mac OS X 10_15_7) AppleWebKit/537.36 (KHTML, like Gecko) Chrome/92.0.4515.159 Safari/537.36"
Mongoose disconnected
